<><><><><><><><><><><><><><><><><><><><><><><><><><><><><><><><>
élection OR campagne
Traceback (most recent call last):
  File "/Users/goognewsqc/audit_google_news/env/lib/python3.9/site-packages/selenium/webdriver/common/service.py", line 72, in start
    self.process = subprocess.Popen(cmd, env=self.env,
  File "/usr/local/Cellar/python@3.9/3.9.5/Frameworks/Python.framework/Versions/3.9/lib/python3.9/subprocess.py", line 951, in __init__
    self._execute_child(args, executable, preexec_fn, close_fds,
  File "/usr/local/Cellar/python@3.9/3.9.5/Frameworks/Python.framework/Versions/3.9/lib/python3.9/subprocess.py", line 1821, in _execute_child
    raise child_exception_type(errno_num, err_msg, err_filename)
FileNotFoundError: [Errno 2] No such file or directory: 'geckodriver'

During handling of the above exception, another exception occurred:

Traceback (most recent call last):
  File "/Users/goognewsqc/audit_google_news/script_run/Montreal_National_V2.py", line 239, in <module>
    main()
  File "/Users/goognewsqc/audit_google_news/script_run/Montreal_National_V2.py", line 235, in main
    process_city(city)
  File "/Users/goognewsqc/audit_google_news/script_run/Montreal_National_V2.py", line 230, in process_city
    research_term_in_city(villes, creation_fichier, term, infos)                
  File "/Users/goognewsqc/audit_google_news/script_run/Montreal_National_V2.py", line 205, in research_term_in_city
    browser = webdriver.Firefox(options=create_robot_profile(infos))
  File "/Users/goognewsqc/audit_google_news/env/lib/python3.9/site-packages/selenium/webdriver/firefox/webdriver.py", line 164, in __init__
    self.service.start()
  File "/Users/goognewsqc/audit_google_news/env/lib/python3.9/site-packages/selenium/webdriver/common/service.py", line 81, in start
    raise WebDriverException(
selenium.common.exceptions.WebDriverException: Message: 'geckodriver' executable needs to be in PATH. 

<><><><><><><><><><><><><><><><><><><><><><><><><><><><><><><><>
élection OR campagne
Traceback (most recent call last):
  File "/Users/goognewsqc/audit_google_news/env/lib/python3.9/site-packages/selenium/webdriver/common/service.py", line 72, in start
    self.process = subprocess.Popen(cmd, env=self.env,
  File "/usr/local/Cellar/python@3.9/3.9.5/Frameworks/Python.framework/Versions/3.9/lib/python3.9/subprocess.py", line 951, in __init__
    self._execute_child(args, executable, preexec_fn, close_fds,
  File "/usr/local/Cellar/python@3.9/3.9.5/Frameworks/Python.framework/Versions/3.9/lib/python3.9/subprocess.py", line 1821, in _execute_child
    raise child_exception_type(errno_num, err_msg, err_filename)
FileNotFoundError: [Errno 2] No such file or directory: 'geckodriver'

During handling of the above exception, another exception occurred:

Traceback (most recent call last):
  File "/Users/goognewsqc/audit_google_news/script_run/Montreal_National_V2.py", line 239, in <module>
    main()
  File "/Users/goognewsqc/audit_google_news/script_run/Montreal_National_V2.py", line 235, in main
    process_city(city)
  File "/Users/goognewsqc/audit_google_news/script_run/Montreal_National_V2.py", line 230, in process_city
    research_term_in_city(villes, creation_fichier, term, infos)                
  File "/Users/goognewsqc/audit_google_news/script_run/Montreal_National_V2.py", line 205, in research_term_in_city
    browser = webdriver.Firefox(options=create_robot_profile(infos))
  File "/Users/goognewsqc/audit_google_news/env/lib/python3.9/site-packages/selenium/webdriver/firefox/webdriver.py", line 164, in __init__
    self.service.start()
  File "/Users/goognewsqc/audit_google_news/env/lib/python3.9/site-packages/selenium/webdriver/common/service.py", line 81, in start
    raise WebDriverException(
selenium.common.exceptions.WebDriverException: Message: 'geckodriver' executable needs to be in PATH. 

/bin/sh: /Users/goognewsqc/audit_google_news/env/bin: is a directory
/bin/sh: /Users/goognewsqc/audit_google_news/env/bin: is a directory
<><><><><><><><><><><><><><><><><><><><><><><><><><><><><><><><>
élection OR campagne
2021-06-24 17:26:00
Traceback (most recent call last):
  File "/Users/goognewsqc/audit_google_news/env/lib/python3.9/site-packages/selenium/webdriver/common/service.py", line 72, in start
    self.process = subprocess.Popen(cmd, env=self.env,
  File "/usr/local/Cellar/python@3.9/3.9.5/Frameworks/Python.framework/Versions/3.9/lib/python3.9/subprocess.py", line 951, in __init__
    self._execute_child(args, executable, preexec_fn, close_fds,
  File "/usr/local/Cellar/python@3.9/3.9.5/Frameworks/Python.framework/Versions/3.9/lib/python3.9/subprocess.py", line 1821, in _execute_child
    raise child_exception_type(errno_num, err_msg, err_filename)
FileNotFoundError: [Errno 2] No such file or directory: 'geckodriver'

During handling of the above exception, another exception occurred:

Traceback (most recent call last):
  File "/Users/goognewsqc/audit_google_news/script_run/Montreal_National_V2.py", line 240, in <module>
    main()
  File "/Users/goognewsqc/audit_google_news/script_run/Montreal_National_V2.py", line 236, in main
    process_city(city)
  File "/Users/goognewsqc/audit_google_news/script_run/Montreal_National_V2.py", line 231, in process_city
    research_term_in_city(villes, creation_fichier, term, infos)                
  File "/Users/goognewsqc/audit_google_news/script_run/Montreal_National_V2.py", line 205, in research_term_in_city
    browser = webdriver.Firefox(options=create_robot_profile(infos))
  File "/Users/goognewsqc/audit_google_news/env/lib/python3.9/site-packages/selenium/webdriver/firefox/webdriver.py", line 164, in __init__
    self.service.start()
  File "/Users/goognewsqc/audit_google_news/env/lib/python3.9/site-packages/selenium/webdriver/common/service.py", line 81, in start
    raise WebDriverException(
selenium.common.exceptions.WebDriverException: Message: 'geckodriver' executable needs to be in PATH. 

/Users/goognewsqc/audit_google_news/env/bin/activate.csh: line 8: alias: deactivate: not found
/Users/goognewsqc/audit_google_news/env/bin/activate.csh: line 8: alias: `test $?_OLD_VIRTUAL_PATH !': invalid alias name
/Users/goognewsqc/audit_google_news/env/bin/activate.csh: line 11: deactivate: command not found
/Users/goognewsqc/audit_google_news/env/bin/activate.csh: line 13: setenv: command not found
/Users/goognewsqc/audit_google_news/env/bin/activate.csh: line 16: setenv: command not found
/Users/goognewsqc/audit_google_news/env/bin/activate.csh: line 32: syntax error near unexpected token `else'
/Users/goognewsqc/audit_google_news/env/bin/activate.csh: line 32: `else'
<><><><><><><><><><><><><><><><><><><><><><><><><><><><><><><><>
élection OR campagne
2021-06-25 15:31:00
Traceback (most recent call last):
  File "/Users/goognewsqc/audit_google_news/env/lib/python3.9/site-packages/selenium/webdriver/common/service.py", line 72, in start
    self.process = subprocess.Popen(cmd, env=self.env,
  File "/usr/local/Cellar/python@3.9/3.9.5/Frameworks/Python.framework/Versions/3.9/lib/python3.9/subprocess.py", line 951, in __init__
    self._execute_child(args, executable, preexec_fn, close_fds,
  File "/usr/local/Cellar/python@3.9/3.9.5/Frameworks/Python.framework/Versions/3.9/lib/python3.9/subprocess.py", line 1821, in _execute_child
    raise child_exception_type(errno_num, err_msg, err_filename)
FileNotFoundError: [Errno 2] No such file or directory: 'geckodriver'

During handling of the above exception, another exception occurred:

Traceback (most recent call last):
  File "/Users/goognewsqc/audit_google_news/script_run/Montreal_National_V2.py", line 242, in <module>
    main()
  File "/Users/goognewsqc/audit_google_news/script_run/Montreal_National_V2.py", line 238, in main
    process_city(city)
  File "/Users/goognewsqc/audit_google_news/script_run/Montreal_National_V2.py", line 233, in process_city
    research_term_in_city(villes, creation_fichier, term, infos)                
  File "/Users/goognewsqc/audit_google_news/script_run/Montreal_National_V2.py", line 207, in research_term_in_city
    browser = webdriver.Firefox(options=create_robot_profile(infos))
  File "/Users/goognewsqc/audit_google_news/env/lib/python3.9/site-packages/selenium/webdriver/firefox/webdriver.py", line 164, in __init__
    self.service.start()
  File "/Users/goognewsqc/audit_google_news/env/lib/python3.9/site-packages/selenium/webdriver/common/service.py", line 81, in start
    raise WebDriverException(
selenium.common.exceptions.WebDriverException: Message: 'geckodriver' executable needs to be in PATH. 

/bin/sh: /Users/goognewsqc/audit_google_news/script_run/Montreal_National_V2.py: Permission denied
/Users/goognewsqc/audit_google_news/script_run/Montreal_National_V2.py: line 6: import: command not found
from: can't read /var/mail/datetime
from: can't read /var/mail/urllib3
from: can't read /var/mail/googleQuebec
from: can't read /var/mail/selenium
from: can't read /var/mail/selenium.common.exceptions
from: can't read /var/mail/selenium.webdriver
from: can't read /var/mail/selenium.webdriver.remote.webelement
from: can't read /var/mail/selenium.webdriver.common.by
from: can't read /var/mail/selenium.webdriver.firefox.options
from: can't read /var/mail/selenium.webdriver.support.ui
from: can't read /var/mail/selenium.webdriver.support
/Users/goognewsqc/audit_google_news/script_run/Montreal_National_V2.py: line 26: syntax error near unexpected token `('
/Users/goognewsqc/audit_google_news/script_run/Montreal_National_V2.py: line 26: `def get_full_url(term : str):'
/Users/goognewsqc/audit_google_news/script_run/Montreal_National_V2.py: line 6: import: command not found
from: can't read /var/mail/datetime
from: can't read /var/mail/urllib3
from: can't read /var/mail/googleQuebec
from: can't read /var/mail/selenium
from: can't read /var/mail/selenium.common.exceptions
from: can't read /var/mail/selenium.webdriver
from: can't read /var/mail/selenium.webdriver.remote.webelement
from: can't read /var/mail/selenium.webdriver.common.by
from: can't read /var/mail/selenium.webdriver.firefox.options
from: can't read /var/mail/selenium.webdriver.support.ui
from: can't read /var/mail/selenium.webdriver.support
/Users/goognewsqc/audit_google_news/script_run/Montreal_National_V2.py: line 26: syntax error near unexpected token `('
/Users/goognewsqc/audit_google_news/script_run/Montreal_National_V2.py: line 26: `def get_full_url(term : str):'
/Users/goognewsqc/audit_google_news/script_run/Montreal_National_V2.py: line 6: import: command not found
from: can't read /var/mail/datetime
from: can't read /var/mail/urllib3
from: can't read /var/mail/googleQuebec
from: can't read /var/mail/selenium
from: can't read /var/mail/selenium.common.exceptions
from: can't read /var/mail/selenium.webdriver
from: can't read /var/mail/selenium.webdriver.remote.webelement
from: can't read /var/mail/selenium.webdriver.common.by
from: can't read /var/mail/selenium.webdriver.firefox.options
from: can't read /var/mail/selenium.webdriver.support.ui
from: can't read /var/mail/selenium.webdriver.support
/Users/goognewsqc/audit_google_news/script_run/Montreal_National_V2.py: line 26: syntax error near unexpected token `('
/Users/goognewsqc/audit_google_news/script_run/Montreal_National_V2.py: line 26: `def get_full_url(term : str):'
/Users/goognewsqc/audit_google_news/script_run/Montreal_National_V2.py: line 6: import: command not found
from: can't read /var/mail/datetime
from: can't read /var/mail/urllib3
from: can't read /var/mail/googleQuebec
from: can't read /var/mail/selenium
from: can't read /var/mail/selenium.common.exceptions
from: can't read /var/mail/selenium.webdriver
from: can't read /var/mail/selenium.webdriver.remote.webelement
from: can't read /var/mail/selenium.webdriver.common.by
from: can't read /var/mail/selenium.webdriver.firefox.options
from: can't read /var/mail/selenium.webdriver.support.ui
from: can't read /var/mail/selenium.webdriver.support
/Users/goognewsqc/audit_google_news/script_run/Montreal_National_V2.py: line 26: syntax error near unexpected token `('
/Users/goognewsqc/audit_google_news/script_run/Montreal_National_V2.py: line 26: `def get_full_url(term : str):'
/bin/sh: /Users/goognewsqc/audit_google_news/script_run/Montreal_National_V2.py: /goognewsqc/audit_google_news/env/bin: bad interpreter: No such file or directory
/bin/sh: /Users/goognewsqc/audit_google_news/script_run/Montreal_National_V2.py: /goognewsqc/audit_google_news/env/bin/python3.9: bad interpreter: No such file or directory
/bin/sh: /Users/goognewsqc/audit_google_news/script_run/Montreal_National_V2.py: /Users/goognewsqc/audit_google_news/env/bin: bad interpreter: Permission denied
/bin/sh: /Users/goognewsqc/audit_google_news/script_run/Montreal_National_V2.py: /Users/goognewsqc/audit_google_news/env/bin: bad interpreter: Permission denied
/bin/sh: /Users/goognewsqc/audit_google_news/script_run/Montreal_National_V2.py: /Users/goognewsqc/audit_google_news/env/bin: bad interpreter: Permission denied
/bin/sh: /Users/goognewsqc/audit_google_news/script_run/Montreal_National_V2.py: /Users/goognewsqc/audit_google_news/env/bin: bad interpreter: Permission denied
/bin/sh: /Users/goognewsqc/audit_google_news/script_run/Montreal_National_V2.py: /Users/goognewsqc/audit_google_news/env/bin: bad interpreter: Permission denied
/bin/sh: /Users/goognewsqc/audit_google_news/script_run/Montreal_National_V2.py: /Users/goognewsqc/audit_google_news/env/bin: bad interpreter: Permission denied
/bin/sh: /Users/goognewsqc/audit_google_news/script_run/Montreal_National_V2.py: /Users/goognewsqc/audit_google_news/env/bin: bad interpreter: Permission denied
/bin/sh: /Users/goognewsqc/audit_google_news/script_run/Montreal_National_V2.py: /Users/goognewsqc/audit_google_news/env/bin: bad interpreter: Permission denied
<><><><><><><><><><><><><><><><><><><><><><><><><><><><><><><><>
élection OR campagne
2021-06-27 13:47:00
Traceback (most recent call last):
  File "/Users/goognewsqc/audit_google_news/env/lib/python3.9/site-packages/selenium/webdriver/common/service.py", line 72, in start
    self.process = subprocess.Popen(cmd, env=self.env,
  File "/usr/local/Cellar/python@3.9/3.9.5/Frameworks/Python.framework/Versions/3.9/lib/python3.9/subprocess.py", line 951, in __init__
    self._execute_child(args, executable, preexec_fn, close_fds,
  File "/usr/local/Cellar/python@3.9/3.9.5/Frameworks/Python.framework/Versions/3.9/lib/python3.9/subprocess.py", line 1821, in _execute_child
    raise child_exception_type(errno_num, err_msg, err_filename)
FileNotFoundError: [Errno 2] No such file or directory: 'geckodriver'

During handling of the above exception, another exception occurred:

Traceback (most recent call last):
  File "/Users/goognewsqc/audit_google_news/script_run/Montreal_National_V2.py", line 242, in <module>
    main()
  File "/Users/goognewsqc/audit_google_news/script_run/Montreal_National_V2.py", line 238, in main
    process_city(city)
  File "/Users/goognewsqc/audit_google_news/script_run/Montreal_National_V2.py", line 233, in process_city
    research_term_in_city(villes, creation_fichier, term, infos)                
  File "/Users/goognewsqc/audit_google_news/script_run/Montreal_National_V2.py", line 207, in research_term_in_city
    browser = webdriver.Firefox(options=create_robot_profile(infos))
  File "/Users/goognewsqc/audit_google_news/env/lib/python3.9/site-packages/selenium/webdriver/firefox/webdriver.py", line 164, in __init__
    self.service.start()
  File "/Users/goognewsqc/audit_google_news/env/lib/python3.9/site-packages/selenium/webdriver/common/service.py", line 81, in start
    raise WebDriverException(
selenium.common.exceptions.WebDriverException: Message: 'geckodriver' executable needs to be in PATH. 

/bin/sh: /Users/goognewsqc/audit_google_news/script_run: is a directory
<><><><><><><><><><><><><><><><><><><><><><><><><><><><><><><><>
élection OR campagne
2021-06-27 13:54:01
['Montréal ', 'élection OR campagne', 1, 'Le Journal de Québec', 'Élection fédérales: tous les indicateurs sont en zone verte', '2021-06-26', 1, 'https://www.journaldequebec.com/2021/06/26/election-federales-tous-les-indicateurs-sont-en-zone-verte', '2021-06-27 13:54:07']
['Montréal ', 'élection OR campagne', 2, 'ICI.Radio-Canada.ca', 'Élection à la présidence de la FCFA : quelle place accordée à la diversité?', '2021-06-26', 1, 'https://ici.radio-canada.ca/nouvelle/1804493/fcfa-francophonie-diversite-inclusion-elections-presidence', '2021-06-27 13:54:08']
['Montréal ', 'élection OR campagne', 3, 'France Bleu', "Ce 27 juin est un nouveau dimanche d'élection(s) en Côte-d'Or", '2021-06-27', 0, 'https://www.francebleu.fr/infos/elections/ce-27-juin-est-un-nouveau-dimanche-d-election-s-en-cote-d-or-1624780649', '2021-06-27 13:54:08']
['Montréal ', 'élection OR campagne', 4, 'L’actualité', 'Pourquoi une élection cet automne ?', '2021-06-23', 4, 'https://lactualite.com/politique/pourquoi-une-election-cet-automne/', '2021-06-27 13:54:08']
['Montréal ', 'élection OR campagne', 5, 'Le Journal de Montréal', 'Devant des milliers de partisans, Trump lance la bataille pour les élections de mi-mandat', '2021-06-27', 0, 'https://www.journaldemontreal.com/2021/06/26/trump-retrouve-ses-partisans-sur-un-air-revanchard', '2021-06-27 13:54:08']
['Montréal ', 'élection OR campagne', 6, "L'Éclaireur Progrès", 'Une initiative en appui à la campagne de vaccination', '2021-06-27', 0, 'https://www.leclaireurprogres.ca/une-initiative-en-appui-a-la-campagne-de-vaccination/', '2021-06-27 13:54:09']
['Montréal ', 'élection OR campagne', 7, 'Le Figaro', 'Régionales : la campagne sur les réseaux sociaux pour inciter les jeunes à voter fait un flop', '2021-06-26', 1, 'https://www.lefigaro.fr/elections/regionales/regionales-la-campagne-sur-les-reseaux-sociaux-pour-inciter-les-jeunes-a-voter-fait-un-flop-20210626', '2021-06-27 13:54:09']
['Montréal ', 'élection OR campagne', 8, 'La Tribune - Groupe Capitales Médias', "L'élection municipale pourrait coûter 329 962 $ de plus que prévu", '2021-06-22', 5, 'https://www.latribune.ca/actualites/elections-municipales-2021/lelection-municipale-pourrait-couter-329-962--de-plus-que-prevu-75e7237b21561bc21d14a3f9aee5fd63', '2021-06-27 13:54:09']
['Montréal ', 'élection OR campagne', 9, 'La Presse', 'Élection au Pérou | Le camp Fujimori maintient ses accusations de « fraudes »', '2021-06-23', 4, 'https://www.lapresse.ca/international/amerique-latine/2021-06-23/election-au-perou/le-camp-fujimori-maintient-ses-accusations-de-fraudes.php', '2021-06-27 13:54:09']
['Montréal ', 'élection OR campagne', 10, 'Le Devoir', 'Justin Trudeau semble se préparer à une campagne électorale dès cet automne', '2021-06-22', 5, 'https://www.ledevoir.com/politique/canada/613059/des-envies-electorales-a-peine-voilees', '2021-06-27 13:54:10']
['Montréal ', 'élection OR campagne', 11, "L'Express - Drummondville", "Où s'en va l'élection municipale de Drummondville? (Tribune libre) - L'Express", '2021-06-23', 4, 'https://www.journalexpress.ca/2021/06/23/ou-sen-va-lelection-municipale-de-drummondville-tribune-libre/', '2021-06-27 13:54:10']
['Montréal ', 'élection OR campagne', 12, 'Le Devoir', 'Fin du procès de la campagne de Nicolas Sarkozy en 2012', '2021-06-23', 4, 'https://www.ledevoir.com/monde/europe/613092/france-fin-du-proces-de-la-campagne-de-nicolas-sarkozy-en-2012', '2021-06-27 13:54:10']
['Montréal ', 'élection OR campagne', 13, 'ladepeche.fr', "Lot : itinéraire d'un bulletin le jour d'une élection", '2021-06-27', 0, 'https://www.ladepeche.fr/2021/06/27/lot-itineraire-dun-bulletin-le-jour-dune-election-9634576.php', '2021-06-27 13:54:11']
['Montréal ', 'élection OR campagne', 14, 'Linternaute.com', 'Sondages des régionales : qui a été donné en tête au 2e tour...', '2021-06-27', 0, 'https://www.linternaute.com/actualite/politique/2552128-sondages-des-regionales-qui-a-ete-donne-en-tete-au-2e-tour-de-l-election/', '2021-06-27 13:54:12']
['Montréal ', 'élection OR campagne', 15, 'Vie publique.fr', 'Départementales et régionales 2021 : campagne électorale officielle', '2021-05-31', 27, 'https://www.vie-publique.fr/en-bref/280102-departementales-et-regionales-2021-campagne-electorale-officielle', '2021-06-27 13:54:13']
['Montréal ', 'élection OR campagne', 16, 'ICI.Radio-Canada.ca', 'La campagne de vaccination va bon train dans le Nord-du-Québec', '2021-06-25', 2, 'https://ici.radio-canada.ca/nouvelle/1804524/vaccin-vaccination-covid-baie-james-nord-quebec', '2021-06-27 13:54:13']
['Montréal ', 'élection OR campagne', 17, 'Libération', 'Les candidats ont-ils le droit d’envoyer des SMS de campagne ?', '2021-06-25', 2, 'https://www.liberation.fr/checknews/les-candidats-ont-ils-le-droit-denvoyer-des-sms-de-campagne-20210625_SELGCVGLOBERXLA5D2NEWMTCJA/', '2021-06-27 13:54:13']
['Montréal ', 'élection OR campagne', 18, 'Le Journal de Montréal', 'Une organisatrice de la dernière campagne de Justin Trudeau se lance en politique municipale', '2021-06-23', 4, 'https://www.journaldemontreal.com/2021/06/23/une-organisatrice-de-la-derniere-campagne-de-justin-trudeau-se-lance-en-politique-municipale', '2021-06-27 13:54:13']
['Montréal ', 'élection OR campagne', 19, 'Le Monde', "Elections régionales 2021 : après l'abstention massive, les candidats tentent de remobiliser pour le second tour", '2021-06-26', 1, 'https://www.lemonde.fr/politique/article/2021/06/26/regionales-les-etats-majors-de-campagne-appellent-a-la-remobilisation-pour-le-second-tour_6085776_823448.html', '2021-06-27 13:54:14']
['Montréal ', 'élection OR campagne', 20, 'Franceinfo', 'Élections régionales : une campagne pour inciter les jeunes à aller voter', '2021-06-24', 3, 'https://www.francetvinfo.fr/replay-radio/le-brief-politique/elections-regionales-une-campagne-pour-inciter-les-jeunes-a-aller-voter_4658017.html', '2021-06-27 13:54:14']
['Montréal ', 'élection OR campagne', 21, 'Le Nouvelliste - Groupe Capitales Médias', 'Une campagne pour apprendre à vivre en harmonie avec ses voisins', '2021-06-25', 2, 'https://www.lenouvelliste.ca/actualites/trois-rivieres/une-campagne-pour-apprendre-a-vivre-en-harmonie-avec-ses-voisins-4607e3987698cbca208b4f0912881fba', '2021-06-27 13:54:14']
['Montréal ', 'élection OR campagne', 22, 'ICI.Radio-Canada.ca', 'Les Manitobains ravis de pouvoir rendre visite à leurs proches en foyers de soins | Coronavirus', '2021-06-26', 1, 'https://ici.radio-canada.ca/nouvelle/1804765/personnes-agees-visites-foyers-soins-covid19', '2021-06-27 13:54:14']
['Montréal ', 'élection OR campagne', 23, 'Le Journal de Montréal', 'COVID-19: accélération de la campagne de vaccination en Estrie', '2021-06-25', 2, 'https://www.journaldemontreal.com/2021/06/25/covid-19-acceleration-de-la-campagne-de-vaccination-en-estrie-1', '2021-06-27 13:54:14']
['Montréal ', 'élection OR campagne', 24, 'Ouest-France', 'Élection présidentielle au Pérou : intrigues, contestations et manifestations', '2021-06-27', 0, 'https://www.ouest-france.fr/monde/perou/election-presidentielle-au-perou-intrigues-contestations-et-manifestations-398b9494-d73e-11eb-9b21-079b84408f9a', '2021-06-27 13:54:15']
['Montréal ', 'élection OR campagne', 25, 'CNW Telbec', "Chorus Aviation Inc. annonce l'élection de ses administrateurs English", '2021-06-21', 6, 'https://www.newswire.ca/fr/news-releases/chorus-aviation-inc-annonce-l-election-de-ses-administrateurs-881368562.html', '2021-06-27 13:54:15']
député
2021-06-27 13:54:43
['Montréal ', 'député', 1, 'Le Journal de Montréal', "Égypte: un ancien député arrêté pour trafic d'antiquités", '2021-06-25', 2, 'https://www.journaldemontreal.com/2021/06/25/egypte-un-ancien-depute-arrete-pour-trafic-dantiquites', '2021-06-27 13:54:52']
['Montréal ', 'député', 2, 'Africanews Français', 'Égypte : un ex-député aux mains de la justice pour trafic d’antiquités', '2021-06-25', 2, 'https://fr.africanews.com/2021/06/25/egypte-un-ex-depute-aux-mains-de-la-justice-pour-trafic-d-antiquites/', '2021-06-27 13:54:52']
['Montréal ', 'député', 3, 'BFMTV', "Egypte: un ancien député arrêté pour trafic d'antiquitiés", '2021-06-25', 2, 'https://www.bfmtv.com/international/afrique/egypte/egypte-un-ancien-depute-arrete-pour-trafic-d-antiquities_AD-202106250251.html', '2021-06-27 13:54:53']
['Montréal ', 'député', 4, 'La Nouvelle Tribune', 'Trafic d’antiquités égyptiennes : un ancien député arrêté', '2021-06-25', 2, 'https://lanouvelletribune.info/2021/06/trafic-dantiquites-egyptiennes-un-ancien-depute-arrete/', '2021-06-27 13:54:53']
['Montréal ', 'député', 5, 'Le Journal de Montréal', 'Député nu, prise 2: une conservatrice réclame une punition contre William Amos', '2021-05-28', 30, 'https://www.journaldemontreal.com/2021/05/28/william-amos-je-ne-sais-pas-cest-quoi-le-probleme-1', '2021-06-27 13:54:53']
['Montréal ', 'député', 6, 'Le Soleil - Groupe Capitales Médias', "Le député libéral William Amos encore dans l'embarras après avoir été vu uriner", '2021-05-28', 30, 'https://www.lesoleil.com/actualite/le-depute-liberal-william-amos-encore-dans-lembarras-apres-avoir-ete-vu-uriner-c5df02dc02073f378963658c0ac8649e', '2021-06-27 13:54:53']
['Montréal ', 'député', 7, 'La Presse', "Député libéral dans l'embarras | Une élue conservatrice réclame des sanctions contre William Amos", '2021-05-28', 30, 'https://www.lapresse.ca/actualites/politique/2021-05-28/depute-liberal-dans-l-embarras/une-elue-conservatrice-reclame-des-sanctions-contre-william-amos.php', '2021-06-27 13:54:54']
['Montréal ', 'député', 8, 'Radio-Canada.ca', 'Un autre incident de nudité « embarrassant » pour William Amos et pour le Parti libéral', '2021-05-28', 30, 'https://ici.radio-canada.ca/nouvelle/1796982/william-amos-justin-trudeau-incident-depute-liberal', '2021-06-27 13:54:54']
['Montréal ', 'député', 9, 'Ouest-France', 'Canada. Après avoir été vu nu, un député surpris à la caméra en train d’uriner dans une tasse', '2021-05-29', 29, 'https://www.ouest-france.fr/monde/canada/apres-avoir-ete-vu-nu-un-depute-canadien-surpris-a-la-camera-en-train-d-uriner-dans-une-tasse-7278464', '2021-06-27 13:54:54']
['Montréal ', 'député', 10, 'Le Journal de Québec', '«Lien de confiance brisé»: le PQ perd un autre député', '2021-06-04', 23, 'https://www.journaldequebec.com/2021/06/04/lien-de-confiance-brise-le-depute-sylvain-roy-quitte-le-pq-et-siegera-comme-independant', '2021-06-27 13:54:54']
['Montréal ', 'député', 11, 'La Releve', 'Bilan de session parlementaire de Xavier Barsalou-Duval', '2021-06-26', 1, 'https://www.lareleve.qc.ca/2021/06/26/bilan-de-session-parlementaire-de-xavier-barsalou-duval/', '2021-06-27 13:54:55']
['Montréal ', 'député', 12, 'ICI.Radio-Canada.ca', "Bleuetières sur l'ancien champ de tir : le député Denis Landry s'interroge", '2021-06-25', 2, 'https://ici.radio-canada.ca/nouvelle/1804305/denis-landry-questionnement-ancien-champ-de-tir-tracadie', '2021-06-27 13:54:55']
['Montréal ', 'député', 13, 'Radio-Canada.ca', "Entrée du Parti conservateur à l'Assemblée nationale avec la députée Claire Samson", '2021-06-18', 9, 'https://ici.radio-canada.ca/nouvelle/1802590/claire-samson-deputee-conservateur-caq-transfuge', '2021-06-27 13:54:55']
['Montréal ', 'député', 14, 'ICI.Radio-Canada.ca', "L'ancien député fédéral T. J. Harvey candidat à la direction du Parti libéral du N.-B.", '2021-06-22', 5, 'https://ici.radio-canada.ca/nouvelle/1802991/harvey-candidat-direction-parti-liberal-nouveau-brunswick', '2021-06-27 13:54:55']
['Montréal ', 'député', 15, 'Le Journal de Montréal', "L'historien Frédéric Bastien dénonce les propos du député libéral Anthony Housefather", '2021-06-17', 10, 'https://www.journaldemontreal.com/2021/06/17/lhistorien-frederic-bastien-denonce-les-propos-du-depute-liberal-anthony-housefather', '2021-06-27 13:54:56']
['Montréal ', 'député', 16, 'La Presse', "Arrestation en 2017 | L'UPAC présente ses excuses au député Guy Ouellette", '2021-06-10', 17, 'https://www.lapresse.ca/actualites/2021-06-10/arrestation-en-2017/l-upac-presente-ses-excuses-au-depute-guy-ouellette.php', '2021-06-27 13:54:56']
['Montréal ', 'député', 17, 'Le Journal de Montréal', 'Congédiement du personnel politique: deux syndicats retirent leur confiance à un député bloquiste', '2021-05-28', 30, 'https://www.journaldemontreal.com/2021/05/28/congediement-du-personnel-politique-deux-syndicats-retirent-leur-confiance-a-un-depute-bloquiste', '2021-06-27 13:54:56']
['Montréal ', 'député', 18, 'La Presse', 'Les élus fédéraux impatients de retourner aux Communes', '2021-06-27', 0, 'https://www.lapresse.ca/actualites/politique/2021-06-27/les-elus-federaux-impatients-de-retourner-aux-communes.php', '2021-06-27 13:54:56']
['Montréal ', 'député', 19, 'La Nouvelle Union', 'Produits laitiers : le député Rayes déplore la position du gouvernement libéral', '2021-06-17', 10, 'https://www.lanouvelle.net/2021/06/17/produits-laitiers-le-depute-rayes-deplore-la-position-du-gouvernement-liberal/', '2021-06-27 13:54:56']
['Montréal ', 'député', 20, 'La Nouvelle Union', "Au tour du député Lefebvre de s'adresser aux finissants", '2021-06-09', 18, 'https://www.lanouvelle.net/2021/06/09/au-tour-du-depute-lefebvre-de-sadresser-aux-finissants/', '2021-06-27 13:54:56']
['Montréal ', 'député', 21, "L'Écho de Maskinongé", 'Le député Simon Allaire heureux de retrouver le terrain', '2021-06-24', 3, 'https://www.lechodemaskinonge.com/actualites/le-depute-simon-allaire-heureux-de-retrouver-le-terrain/', '2021-06-27 13:54:57']
['Montréal ', 'député', 22, 'La Nouvelle Union', 'Le député Schneeberger vante le bilan de son gouvernement', '2021-06-18', 9, 'https://www.lanouvelle.net/2021/06/18/le-depute-schneeberger-vante-le-bilan-de-son-gouvernement/', '2021-06-27 13:54:57']
['Montréal ', 'député', 23, 'L’actualité', 'Au moins un député libéral fédéral opposé à la motion prenant acte du PL96', '2021-06-15', 12, 'https://lactualite.com/actualites/le-bloc-veut-quottawa-reconnaisse-le-droit-de-quebec-de-modifier-la-constitution/', '2021-06-27 13:54:57']
['Montréal ', 'député', 24, 'La Presse', 'Que faire des transfuges politiques ? | La Presse', '2021-06-26', 1, 'https://www.lapresse.ca/debats/courrier-des-lecteurs/2021-06-26/que-faire-des-transfuges-politiques.php', '2021-06-27 13:54:57']
['Montréal ', 'député', 25, 'Radio-Canada.ca', 'Fitzgibbon quitte ses fonctions de ministre, mais reste député', '2021-06-02', 25, 'https://ici.radio-canada.ca/nouvelle/1798094/rapport-commissaire-ethique-suspension-pierre-fitzgibbon-assemblee-nationale', '2021-06-27 13:54:58']
arme à feu
2021-06-27 13:54:59
['Montréal ', 'arme à feu', 1, 'Le Journal de Montréal', "Le Texas autorise le port d'arme à feu en public et sans permis", '2021-06-17', 10, 'https://www.journaldemontreal.com/2021/06/17/le-texas-autorise-le-port-darme-a-feu-en-public-et-sans-permis', '2021-06-27 13:55:06']
['Montréal ', 'arme à feu', 2, '98,5 fm', "Port d'arme sans permis au Texas | «Il n'y a pas que le Texas qui est un peu cowboy avec ses règles sur les armes à feu»", '2021-06-17', 10, 'https://www.985fm.ca/nouvelles/international/405266/port-d-arme-sans-permis-au-texas-il-n-y-a-pas-que-le-texas-qui-est-un-peu-cow-boy-avec-ses-regles-sur-les-armes-a-feu', '2021-06-27 13:55:06']
['Montréal ', 'arme à feu', 3, 'Le Figaro', "Le Texas autorise le port d'arme à feu en public sans permis", '2021-06-17', 10, 'https://www.lefigaro.fr/flash-actu/le-texas-autorise-le-port-d-arme-a-feu-en-public-sans-permis-20210617', '2021-06-27 13:55:07']
['Montréal ', 'arme à feu', 4, 'Le Parisien', 'Etats-Unis : le Texas autorise le port d’arme à feu en public et sans permis', '2021-06-17', 10, 'https://www.leparisien.fr/societe/etats-unis-le-texas-autorise-le-port-darme-a-feu-en-public-et-sans-permis-17-06-2021-XHIOJPMHPBFDFG4MPTKNONGX4Y.php', '2021-06-27 13:55:07']
['Montréal ', 'arme à feu', 5, 'LaDepeche.fr', "Aux États-Unis, le Texas autorise le port d'arme à feu en public et sans permis", '2021-06-17', 10, 'https://www.ladepeche.fr/2021/06/17/aux-etats-unis-le-texas-autorise-le-port-darme-a-feu-en-public-et-sans-permis-9612473.php', '2021-06-27 13:55:07']
['Montréal ', 'arme à feu', 6, 'La Presse', "Montréal | Un adolescent arrêté pour possession d'arme à feu", '2021-06-17', 10, 'https://www.lapresse.ca/actualites/justice-et-faits-divers/2021-06-17/montreal/un-adolescent-arrete-pour-possession-d-arme-a-feu.php', '2021-06-27 13:55:07']
['Montréal ', 'arme à feu', 7, 'Le Journal de Montréal', 'Photographié avec Coderre, arrêté pour avoir déchargé une arme à feu', '2021-06-18', 9, 'https://www.journaldemontreal.com/2021/06/18/photographie-avec-coderre-arrete-pour-avoir-decharge-une-arme-a-feu', '2021-06-27 13:55:07']
['Montréal ', 'arme à feu', 8, 'La Presse', 'Montréal | 150 évènements impliquant des armes à feu en un an', '2021-06-16', 11, 'https://www.lapresse.ca/actualites/justice-et-faits-divers/2021-06-16/montreal/150-evenements-impliquant-des-armes-a-feu-en-un-an.php', '2021-06-27 13:55:07']
['Montréal ', 'arme à feu', 9, 'La Presse', "Gatineau | Deux Ontariens munis d'armes à feu arrêtés", '2021-06-25', 2, 'https://www.lapresse.ca/actualites/justice-et-faits-divers/2021-06-25/gatineau/deux-ontariens-munis-d-armes-a-feu-arretes.php', '2021-06-27 13:55:08']
['Montréal ', 'arme à feu', 10, 'Journal Métro', "La criminalité en baisse, mais l'usage d'armes à feu en hausse", '2021-06-16', 11, 'https://journalmetro.com/actualites/montreal/2656643/bilan-spvm-criminalite-en-baisse-lusage-darmes-a-feu-en-hausse/', '2021-06-27 13:55:08']
['Montréal ', 'arme à feu', 11, 'Le Droit - Groupe Capitales Médias', 'Hawkesbury: cinq Québécois arrêtés à la frontière avec des armes à feu', '2021-06-11', 16, 'https://www.ledroit.com/actualites/est-ontarien/hawkesbury-cinq-quebecois-arretes-a-la-frontiere-avec-des-armes-a-feu-278af62877d92cc7f6ecf43f0ccbf6ce', '2021-06-27 13:55:08']
['Montréal ', 'arme à feu', 12, 'Le Journal de Québec', 'Femme blessée par balle à Québec: un courtier aurait tiré sur son ex', '2021-06-19', 8, 'https://www.journaldequebec.com/2021/06/19/coups-de-feu-a-quebec-une-femme-blessee-par-balle', '2021-06-27 13:55:08']
['Montréal ', 'arme à feu', 13, 'ICI.Radio-Canada.ca', "Un homme de 18 ans arrêté à Val-d'Or en lien avec le vol d'armes à feu", '2021-06-02', 25, 'https://ici.radio-canada.ca/nouvelle/1798110/vol-armes-garage-suspect-vallee-de-l-or', '2021-06-27 13:55:08']
['Montréal ', 'arme à feu', 14, 'ICI.Radio-Canada.ca', 'Intervention policière de plusieurs heures pour un homme en crise à Barraute', '2021-06-27', 0, 'https://ici.radio-canada.ca/nouvelle/1804808/surete-quebec-homme-fuite-barraute', '2021-06-27 13:55:09']
['Montréal ', 'arme à feu', 15, 'L’actualité', 'Un homme armé et en crise est arrêté par les policiers au bout de cinq heures', '2021-06-27', 0, 'https://lactualite.com/actualites/un-homme-arme-et-en-crise-est-arrete-par-les-policiers-au-bout-de-cinq-heures/', '2021-06-27 13:55:09']
['Montréal ', 'arme à feu', 16, 'France Bleu', 'Un trentenaire gravement blessé par arme à feu et arme blanche à Toulouse', '2021-06-25', 2, 'https://www.francebleu.fr/infos/faits-divers-justice/un-trentenaire-gravement-blesse-par-arme-a-feu-et-arme-blanche-a-toulouse-1624627615', '2021-06-27 13:55:09']
['Montréal ', 'arme à feu', 17, 'Le Journal de Montréal', 'Un véritable arsenal saisi à Laval', '2021-06-16', 11, 'https://www.journaldemontreal.com/2021/06/16/un-veritable-arsenal-saisi-a-laval', '2021-06-27 13:55:09']
['Montréal ', 'arme à feu', 18, 'La Presse', "Californie | Un juge annule l'interdiction des armes d'assaut", '2021-06-05', 22, 'https://www.lapresse.ca/international/etats-unis/2021-06-05/californie/un-juge-annule-l-interdiction-des-armes-d-assaut.php', '2021-06-27 13:55:09']
['Montréal ', 'arme à feu', 19, 'Le Journal de Québec', 'Coup de feu dans une vitrine de la rue Saint-Jean', '2021-06-23', 4, 'https://www.journaldequebec.com/2021/06/23/coup-de-feu-dans-une-vitrine', '2021-06-27 13:55:09']
['Montréal ', 'arme à feu', 20, 'Le Droit - Groupe Capitales Médias', "Gatineau: armes à feu saisies lors d'un contrôle routier", '2021-06-25', 2, 'https://www.ledroit.com/actualites/justice-et-faits-divers/gatineau-armes-a-feu-saisies-lors-dun-controle-routier-40aaf54d2ad17363cd4236ded21dab2f', '2021-06-27 13:55:10']
['Montréal ', 'arme à feu', 21, 'La Presse', "Possession d'armes à feu illégales | Deux individus liés à un nouveau groupe de motards « inclusif » arrêtés", '2021-06-07', 20, 'https://www.lapresse.ca/actualites/justice-et-faits-divers/2021-06-07/possession-d-armes-a-feu-illegales/deux-individus-lies-a-un-nouveau-groupe-de-motards-inclusif-arretes.php', '2021-06-27 13:55:10']
['Montréal ', 'arme à feu', 22, 'CNW Telbec', 'Le gouvernement du Canada met en œuvre son plan visant à bâtir des communautés plus sûres et à réduire la violence liée aux armes à feu', '2021-06-22', 5, 'https://www.newswire.ca/fr/news-releases/le-gouvernement-du-canada-met-en-oeuvre-son-plan-visant-a-batir-des-communautes-plus-sures-et-a-reduire-la-violence-liee-aux-armes-a-feu-879917263.html', '2021-06-27 13:55:10']
['Montréal ', 'arme à feu', 23, 'Le Journal de Montréal', "Abitibi-Témiscamingue: un homme de 38 ans disjoncte et s'enfuit avec une arme volée", '2021-06-27', 0, 'https://www.journaldemontreal.com/2021/06/27/abitibi-temiscamingue-un-homme-de-38-ans-disjoncte-et-se-sauve-avec-une-arme-volee', '2021-06-27 13:55:10']
['Montréal ', 'arme à feu', 24, 'Ouest-France éditions locales', 'À Marseille, un TGV visé par des tirs d’arme à feu lors de son arrivée en gare', '2021-06-24', 3, 'https://www.ouest-france.fr/provence-alpes-cote-dazur/marseille-13000/un-tgv-vise-par-un-tir-d-arme-a-feu-en-gare-de-marseille-8807f25a-d4d4-11eb-99d2-879e2b250f40', '2021-06-27 13:55:10']
['Montréal ', 'arme à feu', 25, 'Radio-Canada.ca', "Nouvelle escouade du SPVM contre le trafic d'armes : loin des effectifs promis", '2021-06-07', 20, 'https://ici.radio-canada.ca/nouvelle/1798984/police-montreal-armes-a-feu-unite-elta', '2021-06-27 13:55:10']
santé publique
2021-06-27 13:55:11
['Montréal ', 'santé publique', 1, 'La Presse', 'Santé publique du Canada | Les avis assouplis pour les gens entièrement vaccinés', '2021-06-25', 2, 'https://www.lapresse.ca/covid-19/2021-06-25/sante-publique-du-canada/les-avis-assouplis-pour-les-gens-entierement-vaccines.php', '2021-06-27 13:55:18']
['Montréal ', 'santé publique', 2, 'Le Devoir', 'Pour la santé publique fédérale, le variant Delta est le «dernier obstacle» à franchir', '2021-06-25', 2, 'https://www.ledevoir.com/societe/sante/613833/pour-la-sante-publique-federale-le-variant-delta-est-le-dernier-obstacle-a-franchir', '2021-06-27 13:55:19']
['Montréal ', 'santé publique', 3, 'Le Journal de Québec', 'Les restrictions sanitaires de retour dans plusieurs pays', '2021-06-27', 0, 'https://www.journaldequebec.com/2021/06/26/covid-19-la-ville-de-sydney-entierement-confinee', '2021-06-27 13:55:19']
['Montréal ', 'santé publique', 4, 'Acadie Nouvelle', 'COVID-19: le variant Delta est le "dernier obstacle", selon la santé publique fédérale', '2021-06-25', 2, 'https://www.acadienouvelle.com/etc/sante-mieux-etre/2021/06/25/le-variant-delta-est-le-dernier-obstacle-selon-la-sante-publique-federale/', '2021-06-27 13:55:19']
['Montréal ', 'santé publique', 5, 'Bien Public', "En direct | Covid-19 : ce qu'il faut retenir de la journée de vendredi", '2021-06-25', 2, 'https://www.bienpublic.com/sante/2021/06/25/covid-19-le-variant-delta-menace-la-france-au-moment-ou-la-vaccination-flechit', '2021-06-27 13:55:19']
['Montréal ', 'santé publique', 6, 'Radio-Canada.ca', 'Centre Bell : la santé publique déplore les manquements aux mesures sanitaires | Coronavirus', '2021-06-25', 2, 'https://ici.radio-canada.ca/nouvelle/1804437/regles-sanitaires-rassemblements-centre-bell-canadiens-montreal-prudence', '2021-06-27 13:55:20']
['Montréal ', 'santé publique', 7, 'ICI.Radio-Canada.ca', 'La santé publique de Montréal exhorte les jeunes à se faire vacciner | Coronavirus', '2021-06-22', 5, 'https://ici.radio-canada.ca/nouvelle/1803797/montreal-sante-publique-zone-verte-vaccination-jeunes', '2021-06-27 13:55:20']
['Montréal ', 'santé publique', 8, 'Le Soleil - Groupe Capitales Médias', 'La santé publique fédérale formule des recommandations plus souples pour les vaccinés', '2021-06-25', 2, 'https://www.lesoleil.com/actualite/covid-19/la-sante-publique-federale-formule-des-recommandations-plus-souples-pour-les-vaccines-534df91aacaa9cd531724d77fec6a1c4', '2021-06-27 13:55:20']
['Montréal ', 'santé publique', 9, 'Le Journal de Montréal', "L'Agence de la santé publique du Canada dans l'eau chaude", '2021-06-21', 6, 'https://www.journaldemontreal.com/2021/06/21/lagence-de-la-sante-publique-du-canada-dans-leau-chaude', '2021-06-27 13:55:20']
['Montréal ', 'santé publique', 10, 'Fm1033.ca', 'Vaccin Santé publique ajoute des plages horaires de vaccination à Brossard', '2021-06-25', 2, 'https://www.fm1033.ca/sante-publique-ajoute-des-plages-horaires-de-vaccination-a-brossard/', '2021-06-27 13:55:20']
['Montréal ', 'santé publique', 11, 'ICI.Radio-Canada.ca', 'Des directeurs de santé appuient un modèle de décriminalisation de la possession de drogue', '2021-06-26', 1, 'https://ici.radio-canada.ca/nouvelle/1804637/drogue-decriminalisation-quebec-sante-publique', '2021-06-27 13:55:20']
['Montréal ', 'santé publique', 12, 'Le Devoir', 'La Santé publique signale 194 nouveaux cas de COVID-19', '2021-06-07', 20, 'https://www.ledevoir.com/societe/sante/608499/la-sante-publique-signale-194-nouveaux-cas-de-covid-19', '2021-06-27 13:55:20']
['Montréal ', 'santé publique', 13, 'Radio-Canada.ca', "Santé publique L'INSPQ craint le retour des excès", '2021-06-26', 1, 'https://ici.radio-canada.ca/nouvelle/1804671/consommation-boisson-exces-abus-inspq', '2021-06-27 13:55:21']
['Montréal ', 'santé publique', 14, 'La Presse', 'La Santé publique du Canada assouplit ses avis pour les gens entièrement vaccinés', '2021-06-25', 2, 'https://www.lapresse.ca/covid-19/2021-06-25/la-sante-publique-du-canada-assouplit-ses-avis-pour-les-gens-entierement-vaccines.php', '2021-06-27 13:55:21']
['Montréal ', 'santé publique', 15, 'LeLézard.com', "Déclaration de l'administratrice en chef de la santé publique du Canada, le 26 juin 2021", '2021-06-26', 1, 'https://www.lelezard.com/communique-19876106.html', '2021-06-27 13:55:21']
['Montréal ', 'santé publique', 16, 'Le Courrier Sud', "La Direction de santé publique offrira des webinaires aux promoteurs d'événements", '2021-06-22', 5, 'https://www.lecourriersud.com/la-direction-de-sante-publique-offrira-des-webinaires-aux-promoteurs-devenements/', '2021-06-27 13:55:21']
['Montréal ', 'santé publique', 17, 'La Presse', "Partout, le variant Delta sème l'inquiétude", '2021-06-27', 0, 'https://www.lapresse.ca/covid-19/2021-06-27/partout-le-variant-delta-seme-l-inquietude.php', '2021-06-27 13:55:22']
['Montréal ', 'santé publique', 18, '98,5 fm', "Dr Gaston DeSerres, médecin-épidémiologiste de l'Institut national de santé publique du Québec", '2021-06-25', 2, 'https://www.985fm.ca/audio/406727/dr-gaston-deserres-medecin-epidemiologiste-de-linstitut-national-de-sante-publique-du-quebec', '2021-06-27 13:55:22']
['Montréal ', 'santé publique', 19, 'ICI.Radio-Canada.ca', "Des restaurateurs s'interrogent sur les nouvelles règles de santé publique | La COVID-19 en Atlantique", '2021-06-18', 9, 'https://ici.radio-canada.ca/nouvelle/1802591/restaurants-capacite-distantiation-eloignement-physique-nouveau-brunswick', '2021-06-27 13:55:22']
['Montréal ', 'santé publique', 20, 'Le Devoir', 'Santé publique et décès liés aux drogues', '2021-06-15', 12, 'https://www.ledevoir.com/opinion/idees/610836/coronavirus-sante-publique-et-deces-lies-aux-drogues', '2021-06-27 13:55:22']
['Montréal ', 'santé publique', 21, 'La Presse', 'Bilan de la COVID-19 | Deux doses pour éviter une quatrième vague, selon la Santé publique', '2021-06-15', 12, 'https://www.lapresse.ca/covid-19/2021-06-15/bilan-de-la-covid-19/deux-doses-pour-eviter-une-quatrieme-vague-selon-la-sante-publique.php', '2021-06-27 13:55:22']
['Montréal ', 'santé publique', 22, 'La Presse', 'Changements climatiques | Une facture salée pour la santé publique', '2021-06-23', 4, 'https://www.lapresse.ca/debats/opinions/2021-06-23/changements-climatiques/une-facture-salee-pour-la-sante-publique.php', '2021-06-27 13:55:22']
['Montréal ', 'santé publique', 23, 'La Presse', "Bals de fin d'études | La Santé publique cherche un compromis qui exclut les soirées dansantes", '2021-06-03', 24, 'https://www.lapresse.ca/covid-19/2021-06-03/bals-de-fin-d-etudes/la-sante-publique-cherche-un-compromis-qui-exclut-les-soirees-dansantes.php', '2021-06-27 13:55:23']
['Montréal ', 'santé publique', 24, 'Ontario Newsroom', "L'Ontario passe à la deuxième phase du Plan d'action pour le déconfinement le 30 juin 2021 | Salle de presse de l'Ontario", '2021-06-24', 3, 'https://news.ontario.ca/fr/release/1000399/lontario-passe-a-la-deuxieme-phase-du-plan-daction-pour-le-deconfinement-le-30-juin-2021', '2021-06-27 13:55:23']
['Montréal ', 'santé publique', 25, 'Radio-Canada.ca', "Québec songe à augmenter considérablement la limite de nickel permise dans l'air", '2021-06-26', 1, 'https://ici.radio-canada.ca/nouvelle/1804624/pollution-nickel-projet-gouvernement-legault-sol-zanetti', '2021-06-27 13:55:23']
covid OR COVID
2021-06-27 13:55:24
['Montréal ', 'covid OR COVID', 1, 'Le Journal de Montréal', "CH: Joel Armia à l'écart en raison de la COVID-19", '2021-06-27', 0, 'https://www.journaldemontreal.com/2021/06/27/covid-19--joel-armia-a-lecart', '2021-06-27 13:55:32']
['Montréal ', 'covid OR COVID', 2, 'TVA Sports', 'Sports Joel Armia se soumet au protocole COVID-19', '2021-06-27', 0, 'https://www.tvasports.ca/2021/06/27/joel-armia-se-soumet-au-protocole-de-la-covid-19', '2021-06-27 13:55:32']
['Montréal ', 'covid OR COVID', 3, 'DansLesCoulisses', "Protocole de la COVID-19 : Joel Armia absent de l'entraînement", '2021-06-27', 0, 'https://www.danslescoulisses.com/fr/protocole-de-la-covid-19-joel-armia-absent-de-lentrainement/', '2021-06-27 13:55:32']
['Montréal ', 'covid OR COVID', 4, "La Voix de l'est - Groupe Capitales Médias", "Joel Armia suit le protocole de la COVID-19, ne voyagera pas avec l'équipe", '2021-06-27', 0, 'https://www.lavoixdelest.ca/sports/joel-armia-suit-le-protocole-de-la-covid-19-ne-voyagera-pas-avec-lequipe-5dd80f1a627418b6c5e8189d0adb2bb2', '2021-06-27 13:55:32']
['Montréal ', 'covid OR COVID', 5, 'La Presse', 'Point de presse de Marc Bergevin | Notre couverture en direct', '2021-06-27', 0, 'https://www.lapresse.ca/sports/hockey/2021-06-27/point-de-presse-de-marc-bergevin/notre-couverture-en-direct.php', '2021-06-27 13:55:32']
['Montréal ', 'covid OR COVID', 6, 'La Presse', 'COVID-19 | Moscou enregistre un record de décès quotidiens', '2021-06-27', 0, 'https://www.lapresse.ca/international/europe/2021-06-27/covid-19/moscou-enregistre-un-record-de-deces-quotidiens.php', '2021-06-27 13:55:33']
['Montréal ', 'covid OR COVID', 7, 'Radio-Canada.ca', 'Une deuxième dose est-elle nécessaire pour ceux qui ont eu la COVID-19? | Coronavirus', '2021-06-26', 1, 'https://ici.radio-canada.ca/nouvelle/1804352/doses-vaccin-covid-coronavirus-infection-quebec', '2021-06-27 13:55:33']
['Montréal ', 'covid OR COVID', 8, 'ICI.Radio-Canada.ca', 'COVID-19 : nouveaux allègements au Québec, mais la prudence est de mise | Coronavirus', '2021-06-25', 2, 'https://ici.radio-canada.ca/nouvelle/1804408/benoit-barbeau-uqam-mesures-sanitaires-variants-assouplissement-quebec', '2021-06-27 13:55:33']
['Montréal ', 'covid OR COVID', 9, 'Le Journal de Montréal', 'Importation privée de vaccins contre la COVID, les pharmaciens haïtiens craignent des contrefaçons', '2021-06-26', 1, 'https://www.journaldemontreal.com/2021/06/26/importation-privee-de-vaccins-contre-la-covid-les-pharmaciens-haitiens-craignent-des-contrefacons-1', '2021-06-27 13:55:33']
['Montréal ', 'covid OR COVID', 10, 'TVA Nouvelles', 'La population mondiale toujours vulnérable à la COVID-19', '2021-06-26', 1, 'https://www.tvanouvelles.ca/2021/06/25/la-population-mondiale-toujours-vulnerable-a-la-covid-19-1', '2021-06-27 13:55:33']
['Montréal ', 'covid OR COVID', 11, 'Gouv. Manitoba', 'Province du Manitoba | Communiqués | Bulletin sur la COVID-19 numéro 474', '2021-06-27', 0, 'https://www.gov.mb.ca/news/index.fr.html?archive&item=51537', '2021-06-27 13:55:33']
['Montréal ', 'covid OR COVID', 12, 'Le Droit - Groupe Capitales Médias', 'Covid-19 : Le Premier ministre luxembourgeois testé positif | Actualités', '2021-06-27', 0, 'https://www.ledroit.com/actualites/covid-19--le-premier-ministre-luxembourgeois-teste-positif-13f7529767347f1b2284e3e0f71d5bcd', '2021-06-27 13:55:34']
['Montréal ', 'covid OR COVID', 13, 'TVA Nouvelles', 'COVID-19: augmentation des cas en Ontario', '2021-06-26', 1, 'https://www.tvanouvelles.ca/2021/06/26/covid-19-augmentation-des-cas-en-ontario', '2021-06-27 13:55:34']
['Montréal ', 'covid OR COVID', 14, 'Le Journal de Montréal', 'La Thaïlande met en place des restrictions pour lutter contre la COVID-19', '2021-06-27', 0, 'https://www.journaldemontreal.com/2021/06/27/la-thailande-met-en-place-des-restrictions-pour-lutter-contre-la-covid-19', '2021-06-27 13:55:34']
['Montréal ', 'covid OR COVID', 15, 'Le Journal de Québec', 'COVID-19: «Le vaccin est sûr, efficace et disponible»', '2021-06-27', 0, 'https://www.journaldequebec.com/2021/06/27/le-vaccin-est-sur-efficace-et-disponible', '2021-06-27 13:55:34']
['Montréal ', 'covid OR COVID', 16, 'TVA Nouvelles', 'Un outil pour calculer le risque COVID de vos activités', '2021-06-26', 1, 'https://www.tvanouvelles.ca/2021/06/26/un-outil-pour-calculer-le-risque-covid-de-vos-activites', '2021-06-27 13:55:34']
['Montréal ', 'covid OR COVID', 17, 'Le Journal de Montréal', 'COVID-19: le ministre britannique de la Santé démissionne pour non-respect des règles sanitaires', '2021-06-26', 1, 'https://www.journaldemontreal.com/2021/06/26/covid-19-le-ministre-britannique-de-la-sante-demissionne-pour-non-respect-des-regles-sanitaires-1', '2021-06-27 13:55:34']
['Montréal ', 'covid OR COVID', 18, 'Le Nouvelliste - Groupe Capitales Médias', 'Survivant de la COVID: «Je suis un cas unique mondialement»', '2021-06-26', 1, 'https://www.lenouvelliste.ca/ma-region/survivant-de-la-covid-je-suis-un-cas-unique-mondialement-30d80d566339e0bada5087d70345b2b3', '2021-06-27 13:55:35']
['Montréal ', 'covid OR COVID', 19, 'La Presse', 'Euro | Le Croate Ivan Perisic déclaré positif à la COVID-19', '2021-06-27', 0, 'https://www.lapresse.ca/sports/soccer/2021-06-27/euro/le-croate-ivan-perisic-declare-positif-a-la-covid-19.php', '2021-06-27 13:55:35']
['Montréal ', 'covid OR COVID', 20, 'Le Journal de Montréal', 'COVID-19: les rassemblements monstres de partisans divisent les experts', '2021-06-26', 1, 'https://www.journaldemontreal.com/2021/06/25/pas-sur-si-cest-si-risque-dehors', '2021-06-27 13:55:35']
['Montréal ', 'covid OR COVID', 21, 'Le Journal de Québec', 'À peine deux cas de COVID-19 à Québec', '2021-06-20', 7, 'https://www.journaldequebec.com/2021/06/20/a-peine-deux-cas-de-covid-19-a-quebec-1', '2021-06-27 13:55:35']
['Montréal ', 'covid OR COVID', 22, 'L’actualité', "Pandémie de COVID-19: tout le Québec passe au palier d'alerte vert lundi", '2021-06-27', 0, 'https://lactualite.com/actualites/pandemie-de-covid-19-tout-le-quebec-passe-au-palier-dalerte-vert-lundi/', '2021-06-27 13:55:36']
['Montréal ', 'covid OR COVID', 23, 'Radio-Canada.ca', 'Les symptômes les plus fréquents de la COVID-19 sont susceptibles de changer | Coronavirus', '2021-06-19', 8, 'https://ici.radio-canada.ca/nouvelle/1802925/coronavirus-etude-angleterre-maux-tete-gorge-nez', '2021-06-27 13:55:36']
['Montréal ', 'covid OR COVID', 24, 'Le Journal de Québec', 'Un portrait plus juste des morts liées à la COVID au Québec', '2021-06-17', 10, 'https://www.journaldequebec.com/2021/06/17/les-morts-covid-ont-ils-ete-surevalues-au-quebec', '2021-06-27 13:55:36']
['Montréal ', 'covid OR COVID', 25, 'Radio-Canada.ca', "COVID-19 : le Yukon montre-t-il au reste du Canada ce qui l'attend? | Coronavirus", '2021-06-23', 4, 'https://ici.radio-canada.ca/nouvelle/1803848/yukon-covid-augmentation-cas-exemple-canada', '2021-06-27 13:55:36']
construction
2021-06-27 13:55:37
['Montréal ', 'construction', 1, 'Le Journal de Montréal', 'Le fléau des matériaux de construction illégaux', '2021-06-26', 1, 'https://www.journaldemontreal.com/2021/06/26/le-fleau-des-materiaux-de-construction-illegaux', '2021-06-27 13:55:44']
['Montréal ', 'construction', 2, "L'Action", 'Début de la construction pour le PAX Habitat', '2021-06-25', 2, 'https://www.laction.com/article/2021/06/25/debut-de-la-construction-pour-le-pax-habitat', '2021-06-27 13:55:44']
['Montréal ', 'construction', 3, 'journal le soir', 'Construction Technipro BSL seul soumissionnaire pour le pavillon de médecine', '2021-06-26', 1, 'https://journallesoir.ca/2021/06/26/construction-technipro-bsl-seul-soumissionnaire-pour-le-pavillon-de-medecine/', '2021-06-27 13:55:44']
['Montréal ', 'construction', 4, 'Le Nouvelliste - Groupe Capitales Médias', "Pas de construction sur le site d'Aleris avant deux ans", '2021-06-26', 1, 'https://www.lenouvelliste.ca/ma-region/pas-de-construction-sur-le-site-daleris-avant-deux-ans-41b16114e563750e740c7379de7ad00b', '2021-06-27 13:55:44']
['Montréal ', 'construction', 5, 'La Presse', 'Les licences bidon de la construction | La Presse', '2021-06-13', 14, 'https://www.lapresse.ca/debats/editoriaux/2021-06-13/les-licences-bidon-de-la-construction.php', '2021-06-27 13:55:45']
['Montréal ', 'construction', 6, 'Le Journal de Québec', 'Le boom de la construction en train de provoquer une pénurie de béton', '2021-06-09', 18, 'https://www.journaldequebec.com/2021/06/09/le-boom-de-la-construction-en-train-de-provoquer-une-penurie-de-beton', '2021-06-27 13:55:45']
['Montréal ', 'construction', 7, 'TVA Nouvelles', 'Hausse du prix des matériaux: plusieurs projets de construction reportés ou abandonnés', '2021-06-23', 4, 'https://www.tvanouvelles.ca/2021/06/22/hausse-du-prix-des-materiaux-plusieurs-projets-de-construction-reportes-ou-abandonnes', '2021-06-27 13:55:45']
['Montréal ', 'construction', 8, 'Radio-Canada.ca', 'Construction : la relance économique de la CAQ met « beaucoup de pression »', '2021-05-31', 27, 'https://ici.radio-canada.ca/nouvelle/1797242/couts-construction-entreprises-negociation-contrats-maisons-aines', '2021-06-27 13:55:45']
['Montréal ', 'construction', 9, 'Le Journal de Montréal', 'Des constructions récentes déjà mal en point', '2021-06-12', 15, 'https://www.journaldemontreal.com/2021/06/12/des-constructions-recentes-deja-mal-en-point', '2021-06-27 13:55:45']
['Montréal ', 'construction', 10, 'ICI.Radio-Canada.ca', "Un pas de plus vers la construction d'un nouvel hôpital à Maria", '2021-06-08', 19, 'https://ici.radio-canada.ca/nouvelle/1799979/hopital-maria-construction-cisss-gaspesie-pdci-etape-financement', '2021-06-27 13:55:45']
['Montréal ', 'construction', 11, 'Journal Métro', "Construction: des coûts plus élevés et des retards d'approvisionnement", '2021-06-17', 10, 'https://journalmetro.com/local/ouest-de-lile/2657040/couts-et-retards-dapprovisionnement/', '2021-06-27 13:55:46']
['Montréal ', 'construction', 12, 'Ontario Newsroom', "L'Ontario investit dans la formation des travailleurs de la construction | Salle de presse de l'Ontario", '2021-06-21', 6, 'https://news.ontario.ca/fr/release/1000381/lontario-investit-dans-la-formation-des-travailleurs-de-la-construction', '2021-06-27 13:55:46']
['Montréal ', 'construction', 13, 'Info Dimanche', "Les entreprises de construction dans l'après-pandémie; comment s'adapter | infodimanche.com", '2021-06-23', 4, 'https://www.infodimanche.com/actualites/id-plus-reportages-finances/430031/les-entreprises-de-construction-dans-lapres-pandemie;-comment-sadapter', '2021-06-27 13:55:46']
['Montréal ', 'construction', 14, 'Libération', 'Urgence climatique : le pays de Galles dit stop à la construction de nouvelles routes', '2021-06-27', 0, 'https://www.liberation.fr/environnement/climat/urgence-climatique-le-pays-de-galles-dit-stop-a-la-construction-de-nouvelles-routes-20210627_CBOABQ5OANADHESJXUNMCKO3SY/', '2021-06-27 13:55:46']
['Montréal ', 'construction', 15, 'Journal Métro', "Tour d'horizon des chantiers de construction | Verdun", '2021-06-23', 4, 'https://journalmetro.com/local/verdun/2659138/tour-dhorizon-des-chantiers-de-construction/', '2021-06-27 13:55:46']
['Montréal ', 'construction', 16, 'Hebdo Rive Nord', 'Construction du futur Centre de service Exo à Repentigny', '2021-06-24', 3, 'https://www.hebdorivenord.com/article/2021/06/24/construction-du-futur-centre-de-service-exo-a-repentigny', '2021-06-27 13:55:47']
['Montréal ', 'construction', 17, 'La Presse', "Construction | Une licence d'entrepreneur de la RBQ n'est pas gage de qualité, dénonce la VG", '2021-06-02', 25, 'https://www.lapresse.ca/affaires/2021-06-02/construction/une-licence-d-entrepreneur-de-la-rbq-n-est-pas-gage-de-qualite-denonce-la-vg.php', '2021-06-27 13:55:47']
['Montréal ', 'construction', 18, 'ICI.Radio-Canada.ca', '150 Autochtones formés à des métiers de la construction à Greenstone', '2021-06-17', 10, 'https://ici.radio-canada.ca/nouvelle/1802376/industrie-miniere-education-premieres-nations', '2021-06-27 13:55:47']
['Montréal ', 'construction', 19, 'La Presse', "Vos réactions à l'éditorial « Les licences bidon de la construction »", '2021-06-15', 12, 'https://www.lapresse.ca/debats/courrier-des-lecteurs/2021-06-15/vos-reactions-a-l-editorial-les-licences-bidon-de-la-construction.php', '2021-06-27 13:55:47']
['Montréal ', 'construction', 20, 'Le Devoir', "Québec investit 2,1 milliards pour la construction et la rénovation d'écoles", '2021-06-17', 10, 'https://www.ledevoir.com/politique/quebec/611646/quebec-investit-2-1-milliards-pour-la-construction-et-la-renovation-d-ecoles', '2021-06-27 13:55:47']
['Montréal ', 'construction', 21, 'La Nouvelle Union', 'Quels dangers doivent être prévenus par les entreprises de construction?', '2021-06-16', 11, 'https://www.lanouvelle.net/2021/06/16/quels-dangers-doivent-etre-prevenus-par-les-entreprises-de-construction/', '2021-06-27 13:55:48']
['Montréal ', 'construction', 22, 'Le Soleil - Groupe Capitales Médias', 'Des maisons de ville en construction à la place de la clinique médicale Pasteur de Limoilou', '2021-06-21', 6, 'https://www.lesoleil.com/actualite/la-capitale/des-maisons-de-ville-en-construction-a-la-place-de-la-clinique-medicale-pasteur-de-limoilou-c8e5889119629b6a2c1f1f05c0847666', '2021-06-27 13:55:48']
['Montréal ', 'construction', 23, 'Le Journal de Québec', 'Début de la construction de la maison des aînés et alternative de RDP', '2021-06-03', 24, 'https://www.journaldequebec.com/2021/06/03/debut-de-la-construction-de-la-maison-des-aines-et-alternative-de-rdp-1', '2021-06-27 13:55:48']
['Montréal ', 'construction', 24, 'Le Progrès', 'Allègre | La construction du nouvel Ehpad démarrera en septembre', '2021-06-27', 0, 'https://www.leprogres.fr/sante/2021/06/27/la-construction-du-nouvel-ehpad-demarrera-en-septembre', '2021-06-27 13:55:49']
['Montréal ', 'construction', 25, 'iHeartRadio', 'SAINT-HYACINTHE: Début de la construction du complexe du Groupe Sélection en août', '2021-06-14', 13, 'https://www.iheartradio.ca/boom/boom-1041/nouvelles/saint-hyacinthe-debut-de-la-construction-du-complexe-du-groupe-selection-en-aout-1.15420065', '2021-06-27 13:55:49']
<><><><><><><><><><><><><><><><><><><><><><><><><><><><><><><><>
premier ministre
['Montréal ', 'premier ministre', 1, 'La Presse', "Ville de Montréal | L'ex-premier ministre Lucien Bouchard nommé citoyen d'honneur", '2021-06-24', 3, 'https://www.lapresse.ca/actualites/grand-montreal/2021-06-24/ville-de-montreal/l-ex-premier-ministre-lucien-bouchard-nomme-citoyen-d-honneur.php', '2021-06-27 14:14:07']
['Montréal ', 'premier ministre', 2, 'Le Journal de Montréal', 'COVID-19: le ministre britannique de la Santé démissionne pour non-respect des règles sanitaires', '2021-06-26', 1, 'https://www.journaldemontreal.com/2021/06/26/covid-19-le-ministre-britannique-de-la-sante-demissionne-pour-non-respect-des-regles-sanitaires-1', '2021-06-27 14:14:07']
['Montréal ', 'premier ministre', 3, 'Le Journal de Montréal', 'Un premier ministre résolument décomplexé | JDM', '2021-06-25', 2, 'https://www.journaldemontreal.com/2021/06/25/un-premier-ministre-resolument-decomplexe', '2021-06-27 14:14:07']
['Montréal ', 'premier ministre', 4, 'Radio-Canada.ca', 'Découverte à Marieval : « le Canada en est responsable », selon Trudeau', '2021-06-24', 3, 'https://ici.radio-canada.ca/nouvelle/1804270/decouverte-tombes-cavites-premiere-nation-marieval', '2021-06-27 14:14:08']
['Montréal ', 'premier ministre', 5, 'Le Journal de Montréal', 'Suède: le premier ministre renversé au Parlement, démission ou élections en vue', '2021-06-21', 6, 'https://www.journaldemontreal.com/2021/06/21/suede-le-premier-ministre-renverse-au-parlement-demission-ou-elections-en-vue', '2021-06-27 14:14:08']
['Montréal ', 'premier ministre', 6, 'Le Journal de Montréal', '10 000 fans au Centre Bell svp!', '2021-06-27', 0, 'https://www.journaldemontreal.com/2021/06/27/10000-fans-au-centre-bell-svp', '2021-06-27 14:14:08']
['Montréal ', 'premier ministre', 7, 'La Presse', 'Justin Trudeau félicite le nouveau premier ministre israélien', '2021-06-13', 14, 'https://www.lapresse.ca/actualites/politique/2021-06-13/justin-trudeau-felicite-le-nouveau-premier-ministre-israelien.php', '2021-06-27 14:14:08']
['Montréal ', 'premier ministre', 8, 'Le Journal de Montréal', 'Une nouvelle préposée aux bénéficiaires remporte le gros lot', '2021-06-27', 0, 'https://www.journaldemontreal.com/2021/06/27/le-gros-lot-pour-une-nouvelle-preposee-aux-beneficiaires', '2021-06-27 14:14:08']
['Montréal ', 'premier ministre', 9, 'Le Journal de Montréal', 'Le CH en finale: les politiciens réagissent', '2021-06-25', 2, 'https://www.journaldemontreal.com/2021/06/25/le-ch-en-finale-les-politiciens-reagissent', '2021-06-27 14:14:08']
['Montréal ', 'premier ministre', 10, 'ICI.Radio-Canada.ca', "La ministre Bennett s'excuse pour un message « raciste » envoyé à Wilson-Raybould", '2021-06-25', 2, 'https://ici.radio-canada.ca/nouvelle/1804350/carolyn-bennett-excuse-message-texte-raciste-envoye-wilson-raybould', '2021-06-27 14:14:09']
['Montréal ', 'premier ministre', 11, 'Le Journal de Montréal', 'COVID-19: possibles cas de transmission dans plusieurs vols au cours des derniers jours', '2021-06-25', 2, 'https://www.journaldemontreal.com/2021/06/25/covid-19-possibles-cas-de-transmission-dans-plusieurs-vols-au-cours-des-derniers-jours-1', '2021-06-27 14:14:09']
['Montréal ', 'premier ministre', 12, 'Le Devoir', "La famille d'un jeune Noir immobilisé lors de son arrestation envisage de poursuivre Montréal", '2021-06-26', 1, 'https://www.ledevoir.com/societe/614070/genou-d-un-policier-sur-le-cou-d-un-jeune-noir-la-famille-du-jeune-noir-envisage-de-poursuivre-la-ville', '2021-06-27 14:14:09']
['Montréal ', 'premier ministre', 13, 'La Presse', 'Déconfinement au Québec | Aucune région en zone rouge à compter de lundi', '2021-06-01', 26, 'https://www.lapresse.ca/covid-19/2021-06-01/deconfinement-au-quebec/aucune-region-en-zone-rouge-a-compter-de-lundi.php', '2021-06-27 14:14:09']
['Montréal ', 'premier ministre', 14, 'Le Journal de Montréal', "Éthique: Eric Girard remplace Pierre Fitzgibbon à l'Économie", '2021-06-02', 25, 'https://www.journaldemontreal.com/2021/06/02/en-direct-recommandation-de-suspendre-le-ministre-fitzgibbon-le-premier-ministre-legault-reagit', '2021-06-27 14:14:10']
['Montréal ', 'premier ministre', 15, 'Le Journal de Montréal', 'Le premier ministre pakistanais lie viol et tenue vestimentaire', '2021-06-24', 3, 'https://www.journaldemontreal.com/2021/06/24/le-premier-ministre-pakistanais-lie-viol-et-tenue-vestimentaire-1', '2021-06-27 14:14:10']
['Montréal ', 'premier ministre', 16, 'Radio-Canada.ca', 'Des vaccins contre la COVID-19 produits à Montréal à partir de 2022 | Coronavirus', '2021-06-22', 5, 'https://ici.radio-canada.ca/nouvelle/1803543/vaccins-covid-19-production-montreal-2022', '2021-06-27 14:14:10']
['Montréal ', 'premier ministre', 17, 'La Presse', 'Un an sous Christian Dubé | Un ministre face à son « monstre »', '2021-06-20', 7, 'https://www.lapresse.ca/actualites/sante/2021-06-20/un-an-sous-christian-dube/un-ministre-face-a-son-monstre.php', '2021-06-27 14:14:10']
['Montréal ', 'premier ministre', 18, 'TVA Nouvelles', 'EN DIRECT | Les derniers développements sur le coronavirus', '2021-06-27', 0, 'https://www.tvanouvelles.ca/2021/06/27/en-direct--les-derniers-developpements-sur-le-coronavirus', '2021-06-27 14:14:11']
['Montréal ', 'premier ministre', 19, 'TVA Nouvelles', 'Le premier ministre du Manitoba respecte son pari', '2021-06-08', 19, 'https://www.tvanouvelles.ca/2021/06/08/le-premier-ministre-du-manitoba-respecte-son-pari', '2021-06-27 14:14:11']
['Montréal ', 'premier ministre', 20, 'CNW Telbec', 'Nominations du Conseil des ministres', '2021-06-23', 4, 'https://www.newswire.ca/fr/news-releases/nominations-du-conseil-des-ministres-883983980.html', '2021-06-27 14:14:11']
['Montréal ', 'premier ministre', 21, 'Le Journal de Montréal', "Notre québécitude n'est pas négociable | JDM", '2021-06-25', 2, 'https://www.journaldemontreal.com/2021/06/25/notre-quebecitude-nest-pas-negociable', '2021-06-27 14:14:11']
['Montréal ', 'premier ministre', 22, 'La Presse', "Partout, le variant Delta sème l'inquiétude", '2021-06-27', 0, 'https://www.lapresse.ca/covid-19/2021-06-27/partout-le-variant-delta-seme-l-inquietude.php', '2021-06-27 14:14:11']
['Montréal ', 'premier ministre', 23, 'Le Journal de Montréal', 'Pensionnats autochtones: le lourd silence du pape', '2021-06-26', 1, 'https://www.journaldemontreal.com/2021/06/26/pensionnats-autochtones-le-lourd-silence-du-pape', '2021-06-27 14:14:12']
['Montréal ', 'premier ministre', 24, 'Le Journal de Montréal', 'Souper de Jason Kenney en terrasse: deux ministres albertaines critiquent le premier ministre', '2021-06-06', 21, 'https://www.journaldemontreal.com/2021/06/06/souper-de-jason-kenney-en-terrasse-deux-ministres-albertaines-critiquent-le-premier-ministre-1', '2021-06-27 14:14:12']
['Montréal ', 'premier ministre', 25, 'Le Journal de Montréal', "Justin Trudeau félicite le nouveau premier ministre d'Israël", '2021-06-13', 14, 'https://www.journaldemontreal.com/2021/06/13/justin-trudeau-felicite-le-nouveau-premier-ministre-disrael', '2021-06-27 14:14:12']
climat
['Montréal ', 'climat', 1, 'Le Journal de Montréal', 'La santé humaine sous la menace du réchauffement climatique', '2021-06-23', 4, 'https://www.journaldemontreal.com/2021/06/23/la-sante-humaine-sous-la-menace-du-rechauffement-climatique', '2021-06-27 14:14:49']
['Montréal ', 'climat', 2, 'Le Journal de Montréal', "Climat : cri d'alerte scientifique sur un réchauffement irréversible", '2021-06-15', 12, 'https://www.journaldemontreal.com/2021/06/15/climat--cri-dalerte-scientifique-sur-un-rechauffement-irreversible', '2021-06-27 14:14:50']
['Montréal ', 'climat', 3, 'La Presse', 'Changements climatiques\ufeff | Les forêts urbaines menacées ? | La Presse', '2021-06-20', 7, 'https://www.lapresse.ca/actualites/environnement/2021-06-20/changements-climatiques/les-forets-urbaines-menacees.php', '2021-06-27 14:14:50']
['Montréal ', 'climat', 4, 'Le Journal de Montréal', 'Des changements climatiques bien réels | JDM', '2021-06-13', 14, 'https://www.journaldemontreal.com/2021/06/13/des-changements-climatiques-bien-reels', '2021-06-27 14:14:50']
['Montréal ', 'climat', 5, 'Le Journal de Montréal', "Harcèlement et intimidation: l'omerta dans le milieu de la santé dénoncée", '2021-06-19', 8, 'https://www.journaldemontreal.com/2021/06/19/lomerta-dans-la-sante-denoncee', '2021-06-27 14:14:50']
['Montréal ', 'climat', 6, 'LeLézard.com', "Plan climat 2020-2030 - Plantation d'arbres : le premier de 500 000!", '2021-06-07', 20, 'https://www.lelezard.com/communique-19843652.html', '2021-06-27 14:14:50']
['Montréal ', 'climat', 7, 'Le Journal de Montréal', "[PHOTOS] Les dirigeants du G7 se retrouvent autour d'Elizabeth II", '2021-06-11', 16, 'https://www.journaldemontreal.com/2021/06/11/le-sommet-du-g7-souvre-en-angleterre-1', '2021-06-27 14:14:51']
['Montréal ', 'climat', 8, 'Le Journal de Montréal', "À la découverte d'une nouvelle génération de militants souverainistes: cinq entretiens pour la fête nationale", '2021-06-24', 3, 'https://www.journaldemontreal.com/2021/06/24/a-la-decouverte-dune-nouvelle-generation-de-militants-souverainistes-cinq-entretiens-pour-la-fete-nationale', '2021-06-27 14:14:51']
['Montréal ', 'climat', 9, 'Journal Métro', 'Quel symbole incarne le mieux le Québec?', '2021-06-23', 4, 'https://journalmetro.com/coups-de-coeur/quel-symbole-incarne-mieux-quebec/', '2021-06-27 14:14:51']
['Montréal ', 'climat', 10, 'La Presse', 'Plan climat de la Ville de Montréal | 46 actions pour faire face au changement climatique', '2020-12-10', 199, 'https://www.lapresse.ca/actualites/grand-montreal/2020-12-10/plan-climat-de-la-ville-de-montreal/46-actions-pour-faire-face-au-changement-climatique.php', '2021-06-27 14:14:51']
['Montréal ', 'climat', 11, 'LesAffaires.com', 'Hydro-Québec inaugure deux centrales solaires', '2021-06-21', 6, 'https://www.lesaffaires.com/secteurs-d-activite/ressources-naturelles/hydro-quebec-inaugure-deux-centrales-solaires/625745', '2021-06-27 14:14:51']
['Montréal ', 'climat', 12, 'Le Journal de Montréal', "Pandémie de Covid-19: un délit d'insouciance", '2021-05-31', 27, 'https://www.journaldemontreal.com/2021/05/31/pandemie-de-covid-19-un-delit-dinsouciance', '2021-06-27 14:14:52']
['Montréal ', 'climat', 13, 'Radio-Canada.ca', 'Attaque de London : la présence de Benoit Charette mal reçue à la veillée de Montréal | Attaque de London', '2021-06-12', 15, 'https://ici.radio-canada.ca/nouvelle/1800918/veillee-chandelle-montreal-attaque-london', '2021-06-27 14:14:52']
['Montréal ', 'climat', 14, 'MétéoMédia', 'Montréal n’a jamais revu de -30 °C depuis près de 30 ans', '2021-01-26', 152, 'https://www.meteomedia.com/ca/nouvelles/article/montreal-na-jamais-revu-un-30-c-depuis-pres-de-30-ans', '2021-06-27 14:14:52']
['Montréal ', 'climat', 15, 'CNW Telbec', 'Programme Action-Climat Québec - Dix-neuf projets de mobilisation pour la lutte contre les changements climatiques seront déployés dans la région de Montréal', '2021-05-06', 52, 'https://www.newswire.ca/fr/news-releases/programme-action-climat-quebec-dix-neuf-projets-de-mobilisation-pour-la-lutte-contre-les-changements-climatiques-seront-deployes-dans-la-region-de-montreal-818981255.html', '2021-06-27 14:14:52']
['Montréal ', 'climat', 16, 'La Releve', "Varennes consolide son important pôle d'énergie verte", '2021-06-24', 3, 'https://www.lareleve.qc.ca/2021/06/24/varennes-consolide-son-important-pole-denergie-verte/', '2021-06-27 14:14:52']
['Montréal ', 'climat', 17, 'Terre-net', 'Les fermes verticales se développent dans les grandes métropoles', '2021-06-26', 1, 'https://www.terre-net.fr/actualite-agricole/economie-social/article/de-new-york-a-l-asie-les-fermes-verticales-bourgeonnent-dans-le-monde-entier-202-179994.html', '2021-06-27 14:14:53']
['Montréal ', 'climat', 18, 'Le Journal de Montréal', 'Météo: les records de chaleur tombent au Québec', '2021-04-10', 78, 'https://www.journaldemontreal.com/2021/04/10/meteo--la-sequence-record-de-chaleur-se-poursuit', '2021-06-27 14:14:53']
['Montréal ', 'climat', 19, 'La Presse', 'Une chenille trop gourmande | La Presse - La Presse - La Presse', '2021-06-19', 8, 'https://www.lapresse.ca/actualites/environnement/2021-06-19/une-chenille-trop-gourmande.php', '2021-06-27 14:14:53']
['Montréal ', 'climat', 20, 'CNW Telbec', "Programme Action-Climat Québec - Près de 1,2 M$ sont accordés au Centre d'écologie urbaine de Montréal pour son projet national « Sous les pavés (phase 2) »", '2021-05-17', 41, 'https://www.newswire.ca/fr/news-releases/programme-action-climat-quebec-pres-de-1-2-m-sont-accordes-au-centre-d-ecologie-urbaine-de-montreal-pour-son-projet-national-sous-les-paves-phase-2--827923924.html', '2021-06-27 14:14:54']
['Montréal ', 'climat', 21, 'La Presse', 'Montréal | Des manifestants marchent pour le climat', '2021-03-19', 100, 'https://www.lapresse.ca/actualites/environnement/2021-03-19/montreal/des-manifestants-marchent-pour-le-climat.php', '2021-06-27 14:14:54']
['Montréal ', 'climat', 22, 'Le Devoir', 'Le climat de Washington à Montréal en 2050', '', '', 'https://www.ledevoir.com/societe/environnement/558589/environnement-le-climat-des-grandes-villes-du-monde-en-mutation', '2021-06-27 14:14:54']
['Montréal ', 'climat', 23, 'Le Journal de Montréal', "Un climat digne de l'Arizona... à Montréal!", '', '', 'https://www.journaldemontreal.com/2020/05/22/un-climat-digne-de-larizona-a-montreal-1', '2021-06-27 14:14:54']
['Montréal ', 'climat', 24, 'Le Devoir', 'Une autre année perdue pour le climat', '2020-09-26', 274, 'https://www.ledevoir.com/societe/environnement/586705/une-autre-annee-perdue-pour-le-climat', '2021-06-27 14:14:54']
['Montréal ', 'climat', 25, 'Le Journal de Montréal', 'La COVID contre le climat', '2020-12-06', 203, 'https://www.journaldemontreal.com/2020/12/06/la-covid-contre-le-climat', '2021-06-27 14:14:55']
immigration
['Montréal ', 'immigration', 1, 'Le Journal de Montréal', 'Immigration: Legault abandonne les entrepreneurs | JDM', '2021-06-17', 10, 'https://www.journaldemontreal.com/2021/06/17/immigration-legault-abandonne-les-entrepreneurs', '2021-06-27 14:15:03']
['Montréal ', 'immigration', 2, 'Le Journal de Montréal', 'Des immigrants canadiens réclament un statut permanent pour tous', '2021-06-20', 7, 'https://www.journaldemontreal.com/2021/06/20/des-immigrants-canadiens-reclament-un-statut-permanent-pour-tous', '2021-06-27 14:15:03']
['Montréal ', 'immigration', 3, 'Le Journal de Montréal', "L'indépendance du Québec par le conservatisme!", '2021-06-27', 0, 'https://www.journaldemontreal.com/2021/06/27/lindependance-du-quebec-par-le-conservatisme', '2021-06-27 14:15:03']
['Montréal ', 'immigration', 4, 'LesAffaires.com', "Immigration: des PME veulent plus d'employés non qualifiés", '2021-06-10', 17, 'https://www.lesaffaires.com/secteurs-d-activite/manufacturier/immigration-des-pme-veulent-plus-d-employes-non-qualifies/625512', '2021-06-27 14:15:03']
['Montréal ', 'immigration', 5, 'Radio-Canada.ca', "Québec renonce à une nouvelle augmentation du nombre d'immigrants", '2021-06-14', 13, 'https://ici.radio-canada.ca/nouvelle/1801365/quebec-immigration-legault-augmentation-girault', '2021-06-27 14:15:04']
['Montréal ', 'immigration', 6, 'Radio-Canada.ca', "Pourquoi le prix des maisons augmente-t-il moins vite à Québec qu'ailleurs?", '2021-06-08', 19, 'https://ici.radio-canada.ca/nouvelle/1798942/augmentation-prix-maisons-rmr-quebec', '2021-06-27 14:15:04']
['Montréal ', 'immigration', 7, 'ICI.Radio-Canada.ca', 'Archives Depuis le 19 e siècle, les Italiens façonnent le visage de Montréal | 1000 visages, un pays', '2021-06-02', 25, 'https://ici.radio-canada.ca/nouvelle/1797843/italien-montreal-communaute-italienne-quartier-immigration-archives', '2021-06-27 14:15:04']
['Montréal ', 'immigration', 8, 'Radio-Canada.ca', "Des dossiers d'immigration renvoyés et perdus, des candidats désespérés", '2021-06-02', 25, 'https://ici.radio-canada.ca/nouvelle/1797750/immigration-ottawa-postes-canada-dossiers-parrainage', '2021-06-27 14:15:04']
['Montréal ', 'immigration', 9, 'La Presse', "Pénurie de main-d'œuvre et immigration | Un débat qui dérape", '2021-06-15', 12, 'https://www.lapresse.ca/debats/opinions/2021-06-15/penurie-de-main-d-oeuvre-et-immigration/un-debat-qui-derape.php', '2021-06-27 14:15:04']
['Montréal ', 'immigration', 10, 'Le Journal de Montréal', "3e lien: Québec n'est pas une petite ville", '2021-05-29', 29, 'https://www.journaldemontreal.com/2021/05/29/3elien-quebec-nest-pas-une-petite-ville', '2021-06-27 14:15:05']
['Montréal ', 'immigration', 11, 'Le Journal de Montréal', "Les nombreux dangers de la pénurie de main-d'œuvre", '2021-06-11', 16, 'https://www.journaldemontreal.com/2021/06/11/les-nombreux-dangers-de-la-penurie-de-main-duvre', '2021-06-27 14:15:05']
['Montréal ', 'immigration', 12, 'Le Journal de Montréal', 'COVID-19: la première vague cause plus de décès chez les immigrants', '2021-06-09', 18, 'https://www.journaldemontreal.com/2021/06/09/covid-19-la-premiere-vague-cause-plus-de-deces-chez-les-immigrants', '2021-06-27 14:15:05']
['Montréal ', 'immigration', 13, 'Le Journal de Montréal', 'Les immigrants ont de la difficulté à se loger à Sherbrooke', '2021-06-01', 26, 'https://www.journaldemontreal.com/2021/06/01/les-immigrants-ont-de-la-difficulte-a-se-loger-a-sherbrooke-1', '2021-06-27 14:15:05']
['Montréal ', 'immigration', 14, 'Le Journal de Montréal', "Critiquée par l'opposition, Kamala Harris se rend à la frontière avec le Mexique", '2021-06-25', 2, 'https://www.journaldemontreal.com/2021/06/25/critiquee-par-lopposition-kamala-harris-se-rend-a-la-frontiere-avec-le-mexique-1', '2021-06-27 14:15:05']
['Montréal ', 'immigration', 15, 'Le Journal de Montréal', "Attirer des immigrants en région pour régler les problèmes de main-d'œuvre", '2021-06-15', 12, 'https://www.journaldemontreal.com/2021/06/15/attirer-des-immigrants-en-region-pour-regler-les-problemes-de-main-doeuvre', '2021-06-27 14:15:05']
['Montréal ', 'immigration', 16, 'Le Journal de Montréal', 'Aéroport Montréal-Trudeau: une 1re dose de vaccin pour les travailleurs étrangers', '2021-05-31', 27, 'https://www.journaldemontreal.com/2021/05/31/aeroport-montreal-trudeau-une-1re-dose-de-vaccin-pour-les-travailleurs-etrangers', '2021-06-27 14:15:06']
['Montréal ', 'immigration', 17, 'Le Journal de Montréal', 'Devant des milliers de partisans, Trump lance la bataille pour les élections de mi-mandat', '2021-06-27', 0, 'https://www.journaldemontreal.com/2021/06/26/trump-retrouve-ses-partisans-sur-un-air-revanchard', '2021-06-27 14:15:06']
['Montréal ', 'immigration', 18, 'Le Journal de Montréal', "Pénurie de main-d'œuvre: les patrons à blâmer?", '2021-06-08', 19, 'https://www.journaldemontreal.com/2021/06/08/penurie-de-main-duvre-les-patrons-a-blamer', '2021-06-27 14:15:06']
['Montréal ', 'immigration', 19, 'Le Devoir', "Mobilisation autour du renvoi d'un travailleur essentiel vers l'Inde", '2021-06-10', 17, 'https://www.ledevoir.com/societe/609507/immigration-je-me-sens-comme-un-criminel-alors-que-je-n-ai-rien-fait', '2021-06-27 14:15:06']
['Montréal ', 'immigration', 20, 'Le Journal de Montréal', 'Des immigrants à 56 000 $ par année? Louable, mais irréalisable, plaide des entreprises', '2021-06-19', 8, 'https://www.journaldemontreal.com/2021/06/19/des-immigrants-a-56-000--par-annee-louable-mais-irrealisable-plaide-des-entreprises', '2021-06-27 14:15:07']
['Montréal ', 'immigration', 21, 'Droit-Inc.com', 'Offre_d_emploi', '2021-06-16', 11, 'https://www.droit-inc.com/offre37206', '2021-06-27 14:15:07']
['Montréal ', 'immigration', 22, 'Le Journal de Montréal', 'Prudence avec les météorites pré-électoraux ! | JDM', '2021-06-25', 2, 'https://www.journaldemontreal.com/2021/06/25/prudence-avec-les-meteorites-pre-electoraux', '2021-06-27 14:15:07']
['Montréal ', 'immigration', 23, 'Courrier Laval', 'Pourquoi un cadre de référence en immigration et diversité?', '2021-06-27', 0, 'https://courrierlaval.com/pourquoi-un-cadre-de-reference-en-immigration-et-diversite/', '2021-06-27 14:15:07']
['Montréal ', 'immigration', 24, 'Journal Métro', "Pénurie de main-d'œuvre: un rattrapage de l'immigration nécessaire selon la CCMM", '2021-06-15', 12, 'https://journalmetro.com/actualites/politique/2655997/penurie-main-doeuvre-quebec-immigrants-immigration-ccmm/', '2021-06-27 14:15:08']
['Montréal ', 'immigration', 25, 'La Presse', "Départ d'expatriés français | Adieu, le Québec !", '2021-06-19', 8, 'https://www.lapresse.ca/societe/famille/2021-06-19/depart-d-expatries-francais/adieu-le-quebec.php', '2021-06-27 14:15:08']
racisme
['Montréal ', 'racisme', 1, 'Journal Métro', '40 organismes réclament que Montréal célèbre le Mois du patrimoine asiatique', '2021-06-11', 16, 'https://journalmetro.com/actualites/montreal/2651126/40-organismes-reclament-que-montreal-celebre-le-mois-du-patrimoine-asiatique/', '2021-06-27 14:15:16']
['Montréal ', 'racisme', 2, 'Radio-Canada.ca', 'Attaque de London : la présence de Benoit Charette mal reçue à la veillée de Montréal | Attaque de London', '2021-06-12', 15, 'https://ici.radio-canada.ca/nouvelle/1800918/veillee-chandelle-montreal-attaque-london', '2021-06-27 14:15:16']
['Montréal ', 'racisme', 3, 'Radio-Canada.ca', 'Découverte à Marieval : « le Canada en est responsable », selon Trudeau', '2021-06-24', 3, 'https://ici.radio-canada.ca/nouvelle/1804270/decouverte-tombes-cavites-premiere-nation-marieval', '2021-06-27 14:15:16']
['Montréal ', 'racisme', 4, 'ICI.Radio-Canada.ca', "La ministre Bennett s'excuse pour un message « raciste » envoyé à Wilson-Raybould", '2021-06-25', 2, 'https://ici.radio-canada.ca/nouvelle/1804350/carolyn-bennett-excuse-message-texte-raciste-envoye-wilson-raybould', '2021-06-27 14:15:16']
['Montréal ', 'racisme', 5, 'La Presse', "L'Observatoire des communautés noires du Québec voit le jour", '2021-06-14', 13, 'https://www.lapresse.ca/actualites/2021-06-14/l-observatoire-des-communautes-noires-du-quebec-voit-le-jour.php', '2021-06-27 14:15:17']
['Montréal ', 'racisme', 6, 'La Presse', "La ministre Carolyn Bennett s'excuse pour un texto « raciste et misogyne »", '2021-06-24', 3, 'https://www.lapresse.ca/actualites/politique/2021-06-24/la-ministre-carolyn-bennett-s-excuse-pour-un-texto-raciste-et-misogyne.php', '2021-06-27 14:15:17']
['Montréal ', 'racisme', 7, 'ICI.Radio-Canada.ca', 'Des centaines de personnes défilent au Québec pour dénoncer le racisme', '2021-03-21', 98, 'https://ici.radio-canada.ca/nouvelle/1778916/manifestation-anti-racisme-asiatique-quebec-montreal', '2021-06-27 14:15:17']
['Montréal ', 'racisme', 8, 'La Presse', 'Déconfinement : des quartiers ébranlés | Le Quartier chinois à la croisée des chemins', '2021-06-06', 21, 'https://www.lapresse.ca/actualites/grand-montreal/2021-06-06/deconfinement-des-quartiers-ebranles/le-quartier-chinois-a-la-croisee-des-chemins.php', '2021-06-27 14:15:17']
['Montréal ', 'racisme', 9, 'ICI.Radio-Canada.ca', "Montréal se dotera d'un commissaire à la lutte contre le racisme systémique", '2020-10-09', 261, 'https://ici.radio-canada.ca/nouvelle/1739972/montreal-commissaire-lutte-contre-le-racisme-systemique', '2021-06-27 14:15:17']
['Montréal ', 'racisme', 10, 'Radio-Canada.ca', 'Lutte contre le racisme à Montréal : Bochra Manaï mise sur le dialogue', '2021-01-14', 164, 'https://ici.radio-canada.ca/nouvelle/1763289/critiques-commissaire-lutte-racisme-systemique-nomination', '2021-06-27 14:15:17']
['Montréal ', 'racisme', 11, 'ICI.Radio-Canada.ca', "Racisme dans le métro de Montréal : l'accusé demeurera détenu 10 jours de plus", '2021-04-13', 75, 'https://ici.radio-canada.ca/nouvelle/1784545/nelson-plante-accusations-incident-raciste-harcelement-menace-stm', '2021-06-27 14:15:18']
['Montréal ', 'racisme', 12, 'Métro Montréal', "Racisme environnemental: des quartiers de Montréal ont besoin d'air", '2021-04-22', 66, 'https://journalmetro.com/actualites/2631947/racisme-environnemental-des-quartiers-denses-de-montreal-ont-besoin-dair/', '2021-06-27 14:15:18']
['Montréal ', 'racisme', 13, 'Radio-Canada.ca', 'Lutte contre le racisme : « Plusieurs personnes ne savent pas par où commencer »', '2021-05-20', 38, 'https://ici.radio-canada.ca/nouvelle/1779823/lutte-contre-racisme-cadleen-desir-organisme-declic', '2021-06-27 14:15:18']
['Montréal ', 'racisme', 14, 'La Presse', 'Racisme anti-asiatique | « Je ne me suis jamais sentie aussi seule »', '2021-03-30', 89, 'https://www.lapresse.ca/actualites/2021-03-30/racisme-anti-asiatique/je-ne-me-suis-jamais-sentie-aussi-seule.php', '2021-06-27 14:15:18']
['Montréal ', 'racisme', 15, 'Le Devoir', 'Des milliers de manifestants à Montréal dénoncent le racisme systémique', '2020-10-03', 267, 'https://www.ledevoir.com/societe/587186/des-milliers-de-manifestants-denoncent-le-racisme-systemique', '2021-06-27 14:15:18']
['Montréal ', 'racisme', 16, 'Journal Métro', "STM: une passagère victime de racisme de la part d'un chauffeur", '2021-04-09', 79, 'https://journalmetro.com/actualites/montreal/2629688/stm-un-conducteur-de-bus-accuse-dacte-de-racisme-anti-asiatique/', '2021-06-27 14:15:19']
['Montréal ', 'racisme', 17, 'L’actualité', 'Le racisme, ça fait mal', '2021-03-29', 90, 'https://lactualite.com/societe/le-racisme-ca-fait-mal/', '2021-06-27 14:15:19']
['Montréal ', 'racisme', 18, 'Radio-Canada.ca', 'Racisme à Sir George Williams : autre temps, « mêmes batailles »', '2021-02-22', 125, 'https://ici.radio-canada.ca/nouvelle/1771784/occupation-george-williams-antiraciste-concordia-montreal-noirs', '2021-06-27 14:15:19']
['Montréal ', 'racisme', 19, "La Voix de l'est - Groupe Capitales Médias", 'Richard Bernardin: toutes les teintes de la beauté [VIDÉO]', '2021-06-26', 1, 'https://www.lavoixdelest.ca/arts/richard-bernardin-toutes-les-teintes-de-la-beaute-video-2678f7e4ffb5826ef42dcb839f2907ae', '2021-06-27 14:15:20']
['Montréal ', 'racisme', 20, 'ICI.Radio-Canada.ca', "Montréal-Nord : l'enseignant visé par des allégations de racisme est suspendu", '2020-10-31', 239, 'https://ici.radio-canada.ca/nouvelle/1745912/ecole-secondaire-henri-bourassa-enseignant-suspension-allegations-racisme', '2021-06-27 14:15:20']
['Montréal ', 'racisme', 21, 'La Presse', "Racisme et discrimination | La perspective d'une Kényane vivant à Montréal", '2020-12-05', 204, 'https://www.lapresse.ca/debats/opinions/2020-12-05/racisme-et-discrimination/la-perspective-d-une-kenyane-vivant-a-montreal.php', '2021-06-27 14:15:20']
['Montréal ', 'racisme', 22, 'Radio-Canada.ca', 'Québec solidaire et le collectif qui dérange', '2021-05-14', 44, 'https://ici.radio-canada.ca/nouvelle/1792960/quebec-solidaire-collectif-gauche-radicale-antiraciste-decolonial-motion-blame', '2021-06-27 14:15:20']
['Montréal ', 'racisme', 23, 'Journal Métro', "Une inscription raciste près de l'église de la Visitation masquée", '2021-04-08', 80, 'https://journalmetro.com/local/ahuntsic-cartierville/2629661/une-inscription-raciste-cachee-pres-de-leglise-de-la-visitation/', '2021-06-27 14:15:21']
['Montréal ', 'racisme', 24, 'ICI.Radio-Canada.ca', 'Vingt-cinq mesures contre le racisme au Québec', '2020-12-14', 195, 'https://ici.radio-canada.ca/nouvelle/1757014/racisme-discrimation-gacr-25-mesures', '2021-06-27 14:15:21']
['Montréal ', 'racisme', 25, 'La Presse', 'Une manchette du Journal de Montréal crée un « malaise »', '2021-04-22', 66, 'https://www.lapresse.ca/actualites/2021-04-22/une-manchette-du-journal-de-montreal-cree-un-malaise.php', '2021-06-27 14:15:21']
Chine
['Montréal ', 'Chine', 1, 'Le Journal de Montréal', "Droits de la personne: Chine et Canada s'affrontent à l'ONU", '2021-06-22', 5, 'https://www.journaldemontreal.com/2021/06/22/droits-humains-chine-et-canada-saffrontent-a-lonu', '2021-06-27 14:15:29']
['Montréal ', 'Chine', 2, 'La Presse', 'Déconfinement : des quartiers ébranlés | Le Quartier chinois à la croisée des chemins', '2021-06-06', 21, 'https://www.lapresse.ca/actualites/grand-montreal/2021-06-06/deconfinement-des-quartiers-ebranles/le-quartier-chinois-a-la-croisee-des-chemins.php', '2021-06-27 14:15:30']
['Montréal ', 'Chine', 3, 'Le Journal de Montréal', 'Chine: les éléphants en cavale attendent le retardataire', '2021-06-15', 12, 'https://www.journaldemontreal.com/2021/06/15/chine-les-elephants-en-cavale-attendent-le-retardataire', '2021-06-27 14:15:30']
['Montréal ', 'Chine', 4, 'Le Journal de Montréal', 'La Chine laisse sa trace sur Mars', '2021-06-11', 16, 'https://www.journaldemontreal.com/2021/06/11/la-chine-laisse-sa-trace-sur-mars-1', '2021-06-27 14:15:30']
['Montréal ', 'Chine', 5, 'Le Journal de Montréal', "Le G7 en quête d'unité face à la Chine et la pandémie", '2021-06-12', 15, 'https://www.journaldemontreal.com/2021/06/12/le-g7-ambitionne-un-progres-historique-dans-la-prevention-des-pandemies-1', '2021-06-27 14:15:30']
['Montréal ', 'Chine', 6, 'Le Journal de Montréal', 'Chine: Tesla rappelle 285 000 voitures pour risque de collision', '2021-06-26', 1, 'https://www.journaldemontreal.com/2021/06/26/chine-tesla-rappelle-285000-voitures-pour-risque-de-collision', '2021-06-27 14:15:30']
['Montréal ', 'Chine', 7, 'Le Journal de Montréal', 'En plein G7, États-Unis et Chine étalent à nouveau leurs divergences', '2021-06-11', 16, 'https://www.journaldemontreal.com/2021/06/11/en-plein-g7-etats-unis-et-chine-etalent-a-nouveau-leurs-divergences', '2021-06-27 14:15:31']
['Montréal ', 'Chine', 8, 'Le Journal de Montréal', "Chine: 18 morts dans l'incendie d'une école d'arts martiaux", '2021-06-25', 2, 'https://www.journaldemontreal.com/2021/06/25/chine-18-morts-dans-lincendie-dune-ecole-darts-martiaux', '2021-06-27 14:15:31']
['Montréal ', 'Chine', 9, 'Le Journal de Montréal', 'Reckitt Benckiser vend sa division de lait infantile en Chine pour 2,2 G$ US', '2021-06-07', 20, 'https://www.journaldemontreal.com/2021/06/07/reckitt-benckiser-vend-sa-division-de-lait-infantile-en-chine-pour-22-g-us', '2021-06-27 14:15:31']
['Montréal ', 'Chine', 10, 'Le Journal de Montréal', 'La Chine a envoyé trois astronautes vers sa station spatiale', '2021-06-16', 11, 'https://www.journaldemontreal.com/2021/06/16/la-chine-a-envoye-trois-astronautes-vers-sa-station-spatiale', '2021-06-27 14:15:31']
['Montréal ', 'Chine', 11, 'Le Journal de Montréal', 'Des éléphants en excursion en Chine', '2021-06-02', 25, 'https://www.journaldemontreal.com/2021/06/02/des-elephants-en-excursion-en-chine', '2021-06-27 14:15:31']
['Montréal ', 'Chine', 12, 'Le Journal de Montréal', 'Poutine inaugure une usine de traitement de gaz à plus de 13 milliards près de la Chine', '2021-06-09', 18, 'https://www.journaldemontreal.com/2021/06/09/poutine-inaugure-une-usine-de-traitement-de-gaz-a-plus-de-13-milliards-pres-de-la-chine', '2021-06-27 14:15:31']
['Montréal ', 'Chine', 13, 'Le Journal de Montréal', 'Jacques Lanctôt Des nouvelles du Sud', '2021-06-04', 23, 'https://www.journaldemontreal.com/2021/06/04/des-nouvelles-du-sud', '2021-06-27 14:15:32']
['Montréal ', 'Chine', 14, 'Le Journal de Montréal', 'COVID: la Chine se prépare à vacciner les enfants dès 3 ans', '2021-06-08', 19, 'https://www.journaldemontreal.com/2021/06/08/covid-la-chine-se-prepare-a-vacciner-les-enfants-des-3-ans', '2021-06-27 14:15:32']
['Montréal ', 'Chine', 15, 'Le Journal de Montréal', 'La Chine félicite Bachar al-Assad pour sa réélection', '2021-06-01', 26, 'https://www.journaldemontreal.com/2021/06/01/la-chine-felicite-bachar-al-assad-pour-sa-reelection', '2021-06-27 14:15:32']
['Montréal ', 'Chine', 16, 'Le Journal de Montréal', 'Chine: neuf cheminots tués par un train', '2021-06-04', 23, 'https://www.journaldemontreal.com/2021/06/04/chine-neuf-cheminots-tues-par-un-train', '2021-06-27 14:15:33']
['Montréal ', 'Chine', 17, 'Le Journal de Montréal', 'Le bitcoin plonge sous les 30 000 dollars, coulé par les régulations chinoises', '2021-06-22', 5, 'https://www.journaldemontreal.com/2021/06/22/le-bitcoin-plonge-sous-les-30000-dollars-coule-par-les-regulations-chinoises', '2021-06-27 14:15:33']
['Montréal ', 'Chine', 18, 'Le Journal de Montréal', 'Flambée des matières premières: Pékin veut puiser dans ses réserves', '2021-06-17', 10, 'https://www.journaldemontreal.com/2021/06/17/flambee-des-matieres-premieres-pekin-veut-puiser-dans-ses-reserves', '2021-06-27 14:15:33']
['Montréal ', 'Chine', 19, 'Le Journal de Montréal', 'Les nouveaux policiers de la pensée sont parfaits', '2021-06-25', 2, 'https://www.journaldemontreal.com/2021/06/25/les-nouveaux-policiers-de-la-pensee-sont-parfaits', '2021-06-27 14:15:33']
['Montréal ', 'Chine', 20, 'Le Journal de Montréal', "Le patronat américain presse Biden de faire revenir les Européens pour doper l'économie", '2021-06-26', 1, 'https://www.journaldemontreal.com/2021/06/26/le-patronat-americain-presse-biden-de-faire-revenir-les-europeens-pour-doper-leconomie', '2021-06-27 14:15:33']
['Montréal ', 'Chine', 21, 'Le Devoir', "Une ombre sur l'image et la réputation du Canada", '2021-06-26', 1, 'https://www.ledevoir.com/monde/613974/pensionnats-autochtones-une-ombre-sur-l-image-et-la-reputation-du-canada', '2021-06-27 14:15:33']
['Montréal ', 'Chine', 22, 'Journal Métro', 'Laval, un exemple de compétitivité à imiter? - Montréal', '2021-06-24', 3, 'https://journalmetro.com/actualites/2659372/laval-exemple-competitivite-imiter/', '2021-06-27 14:15:34']
['Montréal ', 'Chine', 23, 'Ambassade de la République Populaire de Chine en République de Madagascar', 'Conférence de presse du 22 juin 2021 tenue par le porte-parole du Ministère des Affaires étrangères Zhao Lijian', '2021-06-22', 5, 'http://lu.china-embassy.org/fra/fyrth/t1886535.htm', '2021-06-27 14:15:34']
['Montréal ', 'Chine', 24, 'Le Journal de Montréal', 'Société Des Chinois espionnés à Montréal', '2020-09-10', 290, 'https://www.journaldemontreal.com/2020/09/10/des-chinois-espionnes-a-montreal-1', '2021-06-27 14:15:34']
['Montréal ', 'Chine', 25, 'Le Journal de Montréal', 'COVID-19: la détresse des familles séparées par la fermeture des frontières américaines', '2021-06-06', 21, 'https://www.journaldemontreal.com/2021/06/06/covid-19-la-detresse-des-familles-separees-par-la-fermeture-des-frontieres-americaines', '2021-06-27 14:15:34']
Biden OR Trump
['Montréal ', 'Biden OR Trump', 1, 'Le Journal de Montréal', 'Devant des milliers de partisans, Trump lance la bataille pour les élections de mi-mandat', '2021-06-27', 0, 'https://www.journaldemontreal.com/2021/06/26/trump-retrouve-ses-partisans-sur-un-air-revanchard', '2021-06-27 14:15:42']
['Montréal ', 'Biden OR Trump', 2, 'Le Journal de Montréal', 'Dispersion de manifestants près de la Maison-Blanche: une juge rejette une plainte contre Trump', '2021-06-22', 5, 'https://www.journaldemontreal.com/2021/06/21/dispersion-de-manifestants-pres-de-la-maison-blanche-une-juge-rejette-une-plainte-contre-trump', '2021-06-27 14:15:42']
['Montréal ', 'Biden OR Trump', 3, 'Le Journal de Montréal', 'De retour sur scène, Trump entretient le suspense sur une nouvelle candidature', '2021-06-05', 22, 'https://www.journaldemontreal.com/2021/06/05/flirtant-avec-un-retour-a-la-maison-blanche-trump-retrouve-les-estrades', '2021-06-27 14:15:43']
['Montréal ', 'Biden OR Trump', 4, 'Le Journal de Montréal', 'Joe Biden sauvera-t-il la démocratie américaine?', '2021-06-12', 15, 'https://www.journaldemontreal.com/2021/06/12/joe-biden-sauvera-t-il-la-democratie-americaine', '2021-06-27 14:15:43']
['Montréal ', 'Biden OR Trump', 5, 'Le Journal de Montréal', "Critiquée par l'opposition, Kamala Harris se rend à la frontière avec le Mexique", '2021-06-25', 2, 'https://www.journaldemontreal.com/2021/06/25/critiquee-par-lopposition-kamala-harris-se-rend-a-la-frontiere-avec-le-mexique-1', '2021-06-27 14:15:43']
['Montréal ', 'Biden OR Trump', 6, 'Le Journal de Montréal', "Le patronat américain presse Biden de faire revenir les Européens pour doper l'économie", '2021-06-26', 1, 'https://www.journaldemontreal.com/2021/06/26/le-patronat-americain-presse-biden-de-faire-revenir-les-europeens-pour-doper-leconomie', '2021-06-27 14:15:43']
['Montréal ', 'Biden OR Trump', 7, 'Le Journal de Montréal', "Biden accuse les républicains d'«attaquer» le droit de vote au Texas", '2021-05-29', 29, 'https://www.journaldemontreal.com/2021/05/29/biden-accuse-les-republicains-dattaquer-le-droit-de-vote-au-texas-1', '2021-06-27 14:15:43']
['Montréal ', 'Biden OR Trump', 8, 'Le Journal de Montréal', 'Effondrement en Floride: le bilan grimpe à neuf morts', '2021-06-27', 0, 'https://www.journaldemontreal.com/2021/06/27/floride--des-secouristes-etrangers-en-renfort-sur-les-lieux-de-limmeuble-effondre', '2021-06-27 14:15:43']
['Montréal ', 'Biden OR Trump', 9, 'Le Journal de Montréal', 'Jacques Lanctôt Des nouvelles du Sud', '2021-06-04', 23, 'https://www.journaldemontreal.com/2021/06/04/des-nouvelles-du-sud', '2021-06-27 14:15:44']
['Montréal ', 'Biden OR Trump', 10, 'Le Journal de Montréal', "Biden a redoré l'image des États-Unis à l'étranger selon un sondage", '2021-06-10', 17, 'https://www.journaldemontreal.com/2021/06/10/biden-a-redore-limage-des-etats-unis-a-letranger-selon-un-sondage', '2021-06-27 14:15:44']
['Montréal ', 'Biden OR Trump', 11, 'Le Journal de Montréal', 'Privé de réseaux sociaux, Trump abandonne aussi son «blogue»', '2021-06-02', 25, 'https://www.journaldemontreal.com/2021/06/02/prive-de-reseaux-sociaux-trump-abandonne-aussi-son-blogue', '2021-06-27 14:15:44']
['Montréal ', 'Biden OR Trump', 12, 'Le Journal de Montréal', "Greta Thunberg s'invite dans la rencontre entre Jill Biden et Kate", '2021-06-11', 16, 'https://www.journaldemontreal.com/2021/06/11/greta-thunberg-sinvite-dans-la-rencontre-entre-jill-biden-et-kate-1', '2021-06-27 14:15:44']
['Montréal ', 'Biden OR Trump', 13, 'Le Journal de Montréal', "[PHOTOS] Les dirigeants du G7 se retrouvent autour d'Elizabeth II", '2021-06-11', 16, 'https://www.journaldemontreal.com/2021/06/11/le-sommet-du-g7-souvre-en-angleterre-1', '2021-06-27 14:15:44']
['Montréal ', 'Biden OR Trump', 14, 'Le Journal de Montréal', "Meurtre de George Floyd: l'ex-policier Derek Chauvin est condamné à 22 ans et demi de prison", '2021-06-25', 2, 'https://www.journaldemontreal.com/2021/06/25/meurtre-de-george-floyd-la-justice-prononce-la-peine-du-policier-derek-chauvin', '2021-06-27 14:15:45']
['Montréal ', 'Biden OR Trump', 15, 'Le Journal de Montréal', 'Affaire Navalny : les États-Unis « préparent » de nouvelles sanctions contre la Russie', '2021-06-20', 7, 'https://www.journaldemontreal.com/2021/06/20/affaire-navalny--les-etats-unis-preparent-de-nouvelles-sanctions-contre-la-russie', '2021-06-27 14:15:45']
['Montréal ', 'Biden OR Trump', 16, 'Le Journal de Montréal', 'De plus en plus près du pouvoir', '2020-11-07', 232, 'https://www.journaldemontreal.com/2020/11/06/biden-sapproche-a-petits-pas-de-la-maison-blanche', '2021-06-27 14:15:45']
['Montréal ', 'Biden OR Trump', 17, 'Le Journal de Montréal', 'Après 100 jours de présidence pour Biden, les républicains se tournent vers Trump pour leur futur', '2021-04-27', 61, 'https://www.journaldemontreal.com/2021/04/27/au-passage-des-100-jours-pour-biden-les-republicains-se-tournent-vers-trump-pour-leur-futur', '2021-06-27 14:15:45']
['Montréal ', 'Biden OR Trump', 18, 'Le Journal de Montréal', "Sans Trump, la désinformation politique se fait discrète... pour l'instant", '2021-03-28', 91, 'https://www.journaldemontreal.com/2021/03/28/sans-trump-la-desinformation-politique-se-fait-discrete-pour-linstant', '2021-06-27 14:15:45']
['Montréal ', 'Biden OR Trump', 19, 'Le Journal de Montréal', 'Des proches de Trump monnaient ses pardons', '2021-01-18', 160, 'https://www.journaldemontreal.com/2021/01/18/des-proches-de-trump-monnaient-ses-pardons', '2021-06-27 14:15:46']
['Montréal ', 'Biden OR Trump', 20, 'Le Journal de Montréal', 'Biden reçoit les proches de George Floyd, mais la grande loi attendra', '2021-05-24', 34, 'https://www.journaldemontreal.com/2021/05/24/biden-recoit-les-proches-de-george-floyd-mais-la-grande-loi-attendra-1', '2021-06-27 14:15:46']
['Montréal ', 'Biden OR Trump', 21, 'Le Journal de Montréal', "Début d'une nouvelle ère démocrate", '2020-11-07', 232, 'https://www.journaldemontreal.com/2020/11/07/en-direct-presidentielle-americaine-les-resultats-connus-aujourdhui-1', '2021-06-27 14:15:46']
['Montréal ', 'Biden OR Trump', 22, 'Le Journal de Montréal', 'Loïc Tassé Les fous de Trump', '2020-12-07', 202, 'https://www.journaldemontreal.com/2020/12/07/les-fous-de-trump', '2021-06-27 14:15:46']
['Montréal ', 'Biden OR Trump', 23, 'Le Journal de Montréal', 'Des gratte-ciel Trump à la piscine municipale Biden', '2020-12-10', 199, 'https://www.journaldemontreal.com/2020/12/10/des-gratte-ciel-trump-a-la-piscine-municipale-biden', '2021-06-27 14:15:46']
['Montréal ', 'Biden OR Trump', 24, 'La Presse', "Possibles fraudes | L'étau se resserre autour de Donald Trump", '2021-05-19', 39, 'https://www.lapresse.ca/international/etats-unis/2021-05-19/possibles-fraudes/l-etau-se-resserre-autour-de-donald-trump.php', '2021-06-27 14:15:47']
['Montréal ', 'Biden OR Trump', 25, 'Le Journal de Montréal', '« Ils oublient que 75 millions de personnes ont voté pour lui »: les pro-Trump rejettent Biden', '2021-01-20', 158, 'https://www.journaldemontreal.com/2021/01/20/ils-oublient-que-75-millions-de-personnes-ont-vote-pour-lui--les-pro-trump-rejettent-biden', '2021-06-27 14:15:47']
déficit
['Montréal ', 'déficit', 1, 'Radio-Canada.ca', 'Un trou de 936 M$ dans le transport en commun du Grand Montréal | Coronavirus', '2021-06-02', 25, 'https://ici.radio-canada.ca/nouvelle/1797968/deficit-transport-artm-services-stm-stl-rtl-exo-montreal-laval-longueuil', '2021-06-27 14:15:55']
['Montréal ', 'déficit', 2, 'Le Journal de Montréal', 'Un comité pour combler le «déficit démocratique» dans Ville-Marie', '2021-06-23', 4, 'https://www.journaldemontreal.com/2021/06/23/un-comite-pour-combler-le-deficit-democratique-dans-ville-marie', '2021-06-27 14:15:55']
['Montréal ', 'déficit', 3, 'Le Journal de Montréal', "Transports collectifs: coup d'éclat devant les bureaux de l'ARTM", '2021-06-23', 4, 'https://www.journaldemontreal.com/2021/06/23/transports-collectifs-coup-declat-devant-les-bureaux-de-lartm-1', '2021-06-27 14:15:55']
['Montréal ', 'déficit', 4, 'Le Journal de Montréal', 'Au diable la logique!', '2021-06-27', 0, 'https://www.journaldemontreal.com/2021/06/27/au-diable-la-logique', '2021-06-27 14:15:55']
['Montréal ', 'déficit', 5, 'MétéoMédia', 'Manque de pluie au Québec : un déficit irrécupérable ?', '2021-06-02', 25, 'https://www.meteomedia.com/ca/nouvelles/article/manque-de-pluie-au-quebec-un-deficit-irrecuperable', '2021-06-27 14:15:55']
['Montréal ', 'déficit', 6, 'Le Journal de Montréal', "Lucien Bouchard est fait citoyen d'honneur de Montréal", '2021-06-24', 3, 'https://www.journaldemontreal.com/2021/06/24/lucien-bouchard-est-fait-citoyen-dhonneur-de-montreal-1', '2021-06-27 14:15:56']
['Montréal ', 'déficit', 7, 'Le Devoir', "Les séries, une autre pierre à l'édifice de la relance", '2021-06-26', 1, 'https://www.ledevoir.com/economie/613986/l-economie-des-canadiens-de-montreal', '2021-06-27 14:15:56']
['Montréal ', 'déficit', 8, 'La Nouvelle Union', 'Léger déficit anticipé au Cégep', '2021-06-16', 11, 'https://www.lanouvelle.net/2021/06/16/leger-deficit-anticipe-au-cegep/', '2021-06-27 14:15:56']
['Montréal ', 'déficit', 9, 'Le Devoir', 'Plus important déficit de population à Montréal depuis 20 ans', '2021-01-14', 164, 'https://www.ledevoir.com/societe/593298/plus-important-deficit-de-population-a-montreal-depuis-20-ans', '2021-06-27 14:15:56']
['Montréal ', 'déficit', 10, 'La Nouvelle Union', 'Danault et le CH passent au tour suivant', '2021-05-31', 27, 'https://www.lanouvelle.net/2021/05/31/danault-et-le-ch-passent-au-tour-suivant/', '2021-06-27 14:15:56']
['Montréal ', 'déficit', 11, 'Le Journal de Montréal', 'Un coup qui peut mettre fin à une carrière, selon un neuropsychologue', '2021-06-03', 24, 'https://www.journaldemontreal.com/2021/06/03/un-coup-qui-peut-mettre-fin-a-une-carriere-selon-un-neuropsychologue', '2021-06-27 14:15:57']
['Montréal ', 'déficit', 12, 'La Releve', 'Déficit en transport en commun : trois années difficiles en perspective pour le RTL', '2021-06-07', 20, 'https://www.lareleve.qc.ca/2021/06/07/deficit-en-transport-en-commun-le-rtl-pourrait-etre-prive-de-437-millions/', '2021-06-27 14:15:57']
['Montréal ', 'déficit', 13, 'Canadiens.com', 'Ce sera les Canadiens contre le Lightning Retour sur leurs parcours respectifs vers la finale de', '2021-06-26', 1, 'https://www.nhl.com/fr/canadiens/news/ce-sera-les-canadiens-contre-le-lightning/c-325477642', '2021-06-27 14:15:57']
['Montréal ', 'déficit', 14, 'ICI.Radio-Canada.ca', 'À défaut de pouvoir faire un déficit, Montréal reverra « certaines dépenses » | Coronavirus', '2020-08-21', 310, 'https://ici.radio-canada.ca/nouvelle/1728058/montreal-deficit-taxes-coronavirus-consultations-prebudgetaires-2021', '2021-06-27 14:15:57']
['Montréal ', 'déficit', 15, 'Canadiens.com', 'Match numéro 1: Ce que vous devez savoir', '2021-06-02', 25, 'https://www.nhl.com/fr/canadiens/news/avantmatch-canadiens---jets---2-juin/c-325106690', '2021-06-27 14:15:57']
['Montréal ', 'déficit', 16, 'Le Journal de Montréal', 'Repêchage LHJMQ: la ligue a du pain sur la planche', '2021-06-26', 1, 'https://www.journaldemontreal.com/2021/06/25/repechage-lhjmq-la-ligue-a-du-pain-sur-la-planche', '2021-06-27 14:15:57']
['Montréal ', 'déficit', 17, 'RDS', "« C'est un peu le rêve ultime pour moi... et je pourrai prendre ma retraite après. »", '2021-06-27', 0, 'https://www.rds.ca/hockey/canadiens/coupe-stanley-c-est-un-peu-le-reve-ultime-pour-moi-et-je-pourrai-prendre-ma-retraite-apres-1.12815658', '2021-06-27 14:15:58']
['Montréal ', 'déficit', 18, 'MétéoMédia', 'Situation alarmante au Québec : la tendance est irréversible', '2021-06-18', 9, 'https://www.meteomedia.com/ca/nouvelles/article/tendance-alarmante-au-quebec-la-situation-est-irreversible', '2021-06-27 14:15:58']
['Montréal ', 'déficit', 19, 'Le Journal de Montréal', 'Trudeau continue de danser la valse des milliards', '2020-12-01', 208, 'https://www.journaldemontreal.com/2020/11/30/le-deficit-federal-bondit-a-un-record-de-3816-milliards', '2021-06-27 14:15:58']
['Montréal ', 'déficit', 20, 'Journal Métro', 'Déficit de 235 M$ pour Aéroports de Montréal en 2020', '2021-05-06', 52, 'https://journalmetro.com/local/lachine-dorval/2638733/deficit-de-235-m-pour-adm-en-2020/', '2021-06-27 14:15:59']
['Montréal ', 'déficit', 21, 'La Presse', 'Aéroports de Montréal en déficit de 234 millions | La Presse', '2021-03-24', 95, 'https://www.lapresse.ca/affaires/entreprises/2021-03-24/aeroports-de-montreal-en-deficit-de-234-millions.php', '2021-06-27 14:15:59']
['Montréal ', 'déficit', 22, 'Le Nouvelliste - Groupe Capitales Médias', "«On fait très attention à l'eau qu'on a»", '2021-06-27', 0, 'https://www.lenouvelliste.ca/actualites/on-fait-tres-attention-a-leau-quon-a-f92c456cd957efbbde67ca0fbe1b8ea7', '2021-06-27 14:15:59']
['Montréal ', 'déficit', 23, 'Le Journal de Québec', 'Le gouvernement ne permettra pas de déficit aux municipalités', '2020-08-20', 311, 'https://www.journaldequebec.com/2020/08/19/malgre-la-pandemie-quebec-ne-permettra-pas-aux-municipalites-denregistrer-un-deficit', '2021-06-27 14:15:59']
['Montréal ', 'déficit', 24, 'La Presse', "États financiers de la Ville de Montréal | Des surplus budgétaires critiqués par l'opposition", '2021-05-13', 45, 'https://www.lapresse.ca/actualites/grand-montreal/2021-05-13/etats-financiers-de-la-ville-de-montreal/des-surplus-budgetaires-critiques-par-l-opposition.php', '2021-06-27 14:16:00']
['Montréal ', 'déficit', 25, 'La Presse', 'Entre solitudes et réjouissances – Les francophones et les fêtes nationales (1834-1982) | Vers une nouvelle politique publique de la fête nationale', '2021-06-20', 7, 'https://www.lapresse.ca/debats/2021-06-20/entre-solitudes-et-rejouissances-les-francophones-et-les-fetes-nationales-1834-1982/vers-une-nouvelle-politique-publique-de-la-fete-nationale.php', '2021-06-27 14:16:00']
